Log file open, 04/01/18 04:25:06
LogWindows: Failed to load 'aqProf.dll' (GetLastError=126)
LogWindows: File 'aqProf.dll' does not exist
LogWindows: Failed to load 'VSPerf140.dll' (GetLastError=126)
LogWindows: File 'VSPerf140.dll' does not exist
LogWindows: Failed to load 'VtuneApi.dll' (GetLastError=126)
LogWindows: File 'VtuneApi.dll' does not exist
LogWindows: Failed to load 'VtuneApi32e.dll' (GetLastError=126)
LogWindows: File 'VtuneApi32e.dll' does not exist
LogInit: Display: Running engine for game: Birchvale
LogPlatformFile: Not using cached read wrapper
LogInit: Display: RandInit(-1487859152) SRandInit(-1487859152).
LogInit: Read version file with build ID '3944462'
LogInit: Overriding engine version to CL 3944462, compatible CL 3944462
LogInit: Registered custom module enumerator with build ID '3944462'
LogTaskGraph: Started task graph with 5 named threads and 14 total threads with 3 sets of task threads.
LogStats: Stats thread started at 0.566255
LogD3D11RHI: Aftermath initialized
LogICUInternationalization: Display: ICU TimeZone Detection - Raw Offset: +1:00, Platform Override: ''
LogModuleManager: Display: Found up-to-date module file ../../../Engine/Plugins/Marketplace/Substance/Binaries/Win64/UE4Editor-SubstanceCore.dll (API version 3944462).
LogModuleManager: Display: Found up-to-date module file ../../../Engine/Plugins/Marketplace/Substance/Binaries/Win64/UE4Editor-SubstanceEditor.dll (API version 3944462).
LogModuleManager: Display: Found up-to-date module file ../../../Engine/Plugins/Marketplace/Substance/Binaries/Win64/UE4Editor-SubstanceSource.dll (API version 3944462).
LogModuleManager: Display: Found up-to-date module file ../../../Engine/Plugins/Marketplace/Substance/Binaries/Win64/UE4Editor-SubstanceLiveLink.dll (API version 3944462).
LogModuleManager: Display: Found up-to-date module file ../../../Engine/Plugins/2D/Paper2D/Binaries/Win64/UE4Editor-Paper2D.dll (API version 3944462).
LogModuleManager: Display: Found up-to-date module file ../../../Engine/Plugins/2D/Paper2D/Binaries/Win64/UE4Editor-Paper2DEditor.dll (API version 3944462).
LogModuleManager: Display: Found up-to-date module file ../../../Engine/Plugins/2D/Paper2D/Binaries/Win64/UE4Editor-PaperSpriteSheetImporter.dll (API version 3944462).
LogModuleManager: Display: Found up-to-date module file ../../../Engine/Plugins/2D/Paper2D/Binaries/Win64/UE4Editor-PaperTiledImporter.dll (API version 3944462).
LogModuleManager: Display: Found up-to-date module file ../../../Engine/Plugins/2D/Paper2D/Binaries/Win64/UE4Editor-SmartSnapping.dll (API version 3944462).
LogModuleManager: Display: Found up-to-date module file ../../../Engine/Plugins/Blendables/LightPropagationVolume/Binaries/Win64/UE4Editor-LightPropagationVolumeRuntime.dll (API version 3944462).
LogModuleManager: Display: Found up-to-date module file ../../../Engine/Plugins/Blendables/LightPropagationVolume/Binaries/Win64/UE4Editor-LightPropagationVolumeEditor.dll (API version 3944462).
LogModuleManager: Display: Found up-to-date module file ../../../Engine/Plugins/Developer/CLionSourceCodeAccess/Binaries/Win64/UE4Editor-CLionSourceCodeAccess.dll (API version 3944462).
LogModuleManager: Display: Found up-to-date module file ../../../Engine/Plugins/Developer/GitSourceControl/Binaries/Win64/UE4Editor-GitSourceControl.dll (API version 3944462).
LogModuleManager: Display: Found up-to-date module file ../../../Engine/Plugins/Developer/PerforceSourceControl/Binaries/Win64/UE4Editor-PerforceSourceControl.dll (API version 3944462).
LogModuleManager: Display: Found up-to-date module file ../../../Engine/Plugins/Developer/SubversionSourceControl/Binaries/Win64/UE4Editor-SubversionSourceControl.dll (API version 3944462).
LogModuleManager: Display: Found up-to-date module file ../../../Engine/Plugins/Developer/UObjectPlugin/Binaries/Win64/UE4Editor-UObjectPlugin.dll (API version 3944462).
LogModuleManager: Display: Found up-to-date module file ../../../Engine/Plugins/Developer/VisualStudioCodeSourceCodeAccess/Binaries/Win64/UE4Editor-VisualStudioCodeSourceCodeAccess.dll (API version 3944462).
LogModuleManager: Display: Found up-to-date module file ../../../Engine/Plugins/Developer/VisualStudioSourceCodeAccess/Binaries/Win64/UE4Editor-VisualStudioSourceCodeAccess.dll (API version 3944462).
LogModuleManager: Display: Found up-to-date module file ../../../Engine/Plugins/Editor/AssetManagerEditor/Binaries/Win64/UE4Editor-AssetManagerEditor.dll (API version 3944462).
LogModuleManager: Display: Found up-to-date module file ../../../Engine/Plugins/Editor/CryptoKeys/Binaries/Win64/UE4Editor-CryptoKeys.dll (API version 3944462).
LogModuleManager: Display: Found up-to-date module file ../../../Engine/Plugins/Editor/CryptoKeys/Binaries/Win64/UE4Editor-CryptoKeysOpenSSL.dll (API version 3944462).
LogModuleManager: Display: Found up-to-date module file ../../../Engine/Plugins/Editor/DataValidation/Binaries/Win64/UE4Editor-DataValidation.dll (API version 3944462).
LogModuleManager: Display: Found up-to-date module file ../../../Engine/Plugins/Editor/FacialAnimation/Binaries/Win64/UE4Editor-FacialAnimation.dll (API version 3944462).
LogModuleManager: Display: Found up-to-date module file ../../../Engine/Plugins/Editor/FacialAnimation/Binaries/Win64/UE4Editor-FacialAnimationEditor.dll (API version 3944462).
LogModuleManager: Display: Found up-to-date module file ../../../Engine/Plugins/Editor/GameplayTagsEditor/Binaries/Win64/UE4Editor-GameplayTagsEditor.dll (API version 3944462).
LogModuleManager: Display: Found up-to-date module file ../../../Engine/Plugins/Editor/MobileLauncherProfileWizard/Binaries/Win64/UE4Editor-MobileLauncherProfileWizard.dll (API version 3944462).
LogModuleManager: Display: Found up-to-date module file ../../../Engine/Plugins/Editor/PluginBrowser/Binaries/Win64/UE4Editor-PluginBrowser.dll (API version 3944462).
LogModuleManager: Display: Found up-to-date module file ../../../Engine/Plugins/Editor/SpeedTreeImporter/Binaries/Win64/UE4Editor-SpeedTreeImporter.dll (API version 3944462).
LogModuleManager: Display: Found up-to-date module file ../../../Engine/Plugins/Enterprise/DatasmithContent/Binaries/Win64/UE4Editor-DatasmithContent.dll (API version 3944462).
LogModuleManager: Display: Found up-to-date module file ../../../Engine/Plugins/Experimental/AlembicImporter/Binaries/Win64/UE4Editor-AlembicImporter.dll (API version 3944462).
LogModuleManager: Display: Found up-to-date module file ../../../Engine/Plugins/Experimental/AlembicImporter/Binaries/Win64/UE4Editor-AlembicLibrary.dll (API version 3944462).
LogModuleManager: Display: Found up-to-date module file ../../../Engine/Plugins/Experimental/CharacterAI/Binaries/Win64/UE4Editor-CharacterAI.dll (API version 3944462).
LogModuleManager: Display: Found up-to-date module file ../../../Engine/Plugins/Experimental/HTML5Networking/Binaries/Win64/UE4Editor-HTML5Networking.dll (API version 3944462).
LogModuleManager: Display: Found up-to-date module file ../../../Engine/Plugins/Media/AndroidMedia/Binaries/Win64/UE4Editor-AndroidMediaEditor.dll (API version 3944462).
LogModuleManager: Display: Found up-to-date module file ../../../Engine/Plugins/Media/AndroidMedia/Binaries/Win64/UE4Editor-AndroidMediaFactory.dll (API version 3944462).
LogModuleManager: Display: Found up-to-date module file ../../../Engine/Plugins/Media/AvfMedia/Binaries/Win64/UE4Editor-AvfMediaEditor.dll (API version 3944462).
LogModuleManager: Display: Found up-to-date module file ../../../Engine/Plugins/Media/AvfMedia/Binaries/Win64/UE4Editor-AvfMediaFactory.dll (API version 3944462).
LogModuleManager: Display: Found up-to-date module file ../../../Engine/Plugins/Media/AvfMedia/Binaries/Win64/UE4Editor-AvfMediaFactory.dll (API version 3944462).
LogModuleManager: Display: Found up-to-date module file ../../../Engine/Plugins/Media/ImgMedia/Binaries/Win64/UE4Editor-ImgMedia.dll (API version 3944462).
LogModuleManager: Display: Found up-to-date module file ../../../Engine/Plugins/Media/ImgMedia/Binaries/Win64/UE4Editor-ImgMediaEditor.dll (API version 3944462).
LogModuleManager: Display: Found up-to-date module file ../../../Engine/Plugins/Media/ImgMedia/Binaries/Win64/UE4Editor-ImgMediaFactory.dll (API version 3944462).
LogModuleManager: Display: Found up-to-date module file ../../../Engine/Plugins/Media/ImgMedia/Binaries/Win64/UE4Editor-ImgMediaFactory.dll (API version 3944462).
LogModuleManager: Display: Found up-to-date module file ../../../Engine/Plugins/Media/ImgMedia/Binaries/Win64/UE4Editor-OpenExrWrapper.dll (API version 3944462).
LogModuleManager: Display: Found up-to-date module file ../../../Engine/Plugins/Media/LinearTimecode/Binaries/Win64/UE4Editor-LinearTimecode.dll (API version 3944462).
LogModuleManager: Display: Found up-to-date module file ../../../Engine/Plugins/Media/MediaCompositing/Binaries/Win64/UE4Editor-MediaCompositing.dll (API version 3944462).
LogModuleManager: Display: Found up-to-date module file ../../../Engine/Plugins/Media/MediaCompositing/Binaries/Win64/UE4Editor-MediaCompositingEditor.dll (API version 3944462).
LogModuleManager: Display: Found up-to-date module file ../../../Engine/Plugins/Media/MediaPlayerEditor/Binaries/Win64/UE4Editor-MediaPlayerEditor.dll (API version 3944462).
LogModuleManager: Display: Found up-to-date module file ../../../Engine/Plugins/Media/WmfMedia/Binaries/Win64/UE4Editor-WmfMedia.dll (API version 3944462).
LogModuleManager: Display: Found up-to-date module file ../../../Engine/Plugins/Media/WmfMedia/Binaries/Win64/UE4Editor-WmfMediaEditor.dll (API version 3944462).
LogModuleManager: Display: Found up-to-date module file ../../../Engine/Plugins/Media/WmfMedia/Binaries/Win64/UE4Editor-WmfMediaFactory.dll (API version 3944462).
LogModuleManager: Display: Found up-to-date module file ../../../Engine/Plugins/Media/WmfMedia/Binaries/Win64/UE4Editor-WmfMediaFactory.dll (API version 3944462).
LogModuleManager: Display: Found up-to-date module file ../../../Engine/Plugins/Messaging/TcpMessaging/Binaries/Win64/UE4Editor-TcpMessaging.dll (API version 3944462).
LogModuleManager: Display: Found up-to-date module file ../../../Engine/Plugins/Messaging/UdpMessaging/Binaries/Win64/UE4Editor-UdpMessaging.dll (API version 3944462).
LogModuleManager: Display: Found up-to-date module file ../../../Engine/Plugins/MovieScene/ActorSequence/Binaries/Win64/UE4Editor-ActorSequence.dll (API version 3944462).
LogModuleManager: Display: Found up-to-date module file ../../../Engine/Plugins/MovieScene/LevelSequenceEditor/Binaries/Win64/UE4Editor-LevelSequenceEditor.dll (API version 3944462).
LogModuleManager: Display: Found up-to-date module file ../../../Engine/Plugins/MovieScene/MatineeToLevelSequence/Binaries/Win64/UE4Editor-MatineeToLevelSequence.dll (API version 3944462).
LogModuleManager: Display: Found up-to-date module file ../../../Engine/Plugins/NetcodeUnitTest/NetcodeUnitTest/Binaries/Win64/UE4Editor-NetcodeUnitTest.dll (API version 3944462).
LogModuleManager: Display: Found up-to-date module file ../../../Engine/Plugins/NetcodeUnitTest/NUTUnrealEngine4/Binaries/Win64/UE4Editor-NUTUnrealEngine4.dll (API version 3944462).
LogModuleManager: Display: Found up-to-date module file ../../../Engine/Plugins/Online/OnlineSubsystem/Binaries/Win64/UE4Editor-OnlineSubsystem.dll (API version 3944462).
LogModuleManager: Display: Found up-to-date module file ../../../Engine/Plugins/Runtime/AndroidPermission/Binaries/Win64/UE4Editor-AndroidPermission.dll (API version 3944462).
LogModuleManager: Display: Found up-to-date module file ../../../Engine/Plugins/Online/OnlineSubsystemNull/Binaries/Win64/UE4Editor-OnlineSubsystemNull.dll (API version 3944462).
LogModuleManager: Display: Found up-to-date module file ../../../Engine/Plugins/Online/OnlineSubsystemUtils/Binaries/Win64/UE4Editor-OnlineSubsystemUtils.dll (API version 3944462).
LogModuleManager: Display: Found up-to-date module file ../../../Engine/Plugins/Online/OnlineSubsystemUtils/Binaries/Win64/UE4Editor-OnlineBlueprintSupport.dll (API version 3944462).
LogModuleManager: Display: Found up-to-date module file ../../../Engine/Plugins/Runtime/AndroidDeviceProfileSelector/Binaries/Win64/UE4Editor-AndroidDeviceProfileSelector.dll (API version 3944462).
LogModuleManager: Display: Found up-to-date module file ../../../Engine/Plugins/Runtime/AppleARKit/Binaries/Win64/UE4Editor-AppleARKit.dll (API version 3944462).
LogModuleManager: Display: Found up-to-date module file ../../../Engine/Plugins/Runtime/ProceduralMeshComponent/Binaries/Win64/UE4Editor-ProceduralMeshComponent.dll (API version 3944462).
LogModuleManager: Display: Found up-to-date module file ../../../Engine/Plugins/Runtime/ProceduralMeshComponent/Binaries/Win64/UE4Editor-ProceduralMeshComponentEditor.dll (API version 3944462).
LogModuleManager: Display: Found up-to-date module file ../../../Engine/Plugins/Animation/LiveLink/Binaries/Win64/UE4Editor-LiveLink.dll (API version 3944462).
LogModuleManager: Display: Found up-to-date module file ../../../Engine/Plugins/Animation/LiveLink/Binaries/Win64/UE4Editor-LiveLinkEditor.dll (API version 3944462).
LogModuleManager: Display: Found up-to-date module file ../../../Engine/Plugins/Runtime/ArchVisCharacter/Binaries/Win64/UE4Editor-ArchVisCharacter.dll (API version 3944462).
LogModuleManager: Display: Found up-to-date module file ../../../Engine/Plugins/Runtime/AudioCapture/Binaries/Win64/UE4Editor-AudioCapture.dll (API version 3944462).
LogModuleManager: Display: Found up-to-date module file ../../../Engine/Plugins/Runtime/AudioCapture/Binaries/Win64/UE4Editor-AudioCaptureEditor.dll (API version 3944462).
LogModuleManager: Display: Found up-to-date module file ../../../Engine/Plugins/Runtime/CableComponent/Binaries/Win64/UE4Editor-CableComponent.dll (API version 3944462).
LogModuleManager: Display: Found up-to-date module file ../../../Engine/Plugins/Runtime/CustomMeshComponent/Binaries/Win64/UE4Editor-CustomMeshComponent.dll (API version 3944462).
LogModuleManager: Display: Found up-to-date module file ../../../Engine/Plugins/Runtime/ExampleDeviceProfileSelector/Binaries/Win64/UE4Editor-ExampleDeviceProfileSelector.dll (API version 3944462).
LogModuleManager: Display: Found up-to-date module file ../../../Engine/Plugins/Runtime/ImmediatePhysics/Binaries/Win64/UE4Editor-ImmediatePhysics.dll (API version 3944462).
LogModuleManager: Display: Found up-to-date module file ../../../Engine/Plugins/Runtime/ImmediatePhysics/Binaries/Win64/UE4Editor-ImmediatePhysicsEditor.dll (API version 3944462).
LogModuleManager: Display: Found up-to-date module file ../../../Engine/Plugins/Runtime/LocationServicesBPLibrary/Binaries/Win64/UE4Editor-LocationServicesBPLibrary.dll (API version 3944462).
LogModuleManager: Display: Found up-to-date module file ../../../Engine/Plugins/Runtime/MobilePatchingUtils/Binaries/Win64/UE4Editor-MobilePatchingUtils.dll (API version 3944462).
LogModuleManager: Display: Found up-to-date module file ../../../Engine/Plugins/Runtime/Oculus/OculusVR/Binaries/Win64/UE4Editor-OculusHMD.dll (API version 3944462).
LogModuleManager: Display: Found up-to-date module file ../../../Engine/Plugins/Runtime/Oculus/OculusVR/Binaries/Win64/UE4Editor-OculusInput.dll (API version 3944462).
LogModuleManager: Display: Found up-to-date module file ../../../Engine/Plugins/Runtime/Oculus/OculusVR/Binaries/Win64/UE4Editor-OculusEditor.dll (API version 3944462).
LogModuleManager: Display: Found up-to-date module file ../../../Engine/Plugins/Runtime/PhysXVehicles/Binaries/Win64/UE4Editor-PhysXVehicles.dll (API version 3944462).
LogModuleManager: Display: Found up-to-date module file ../../../Engine/Plugins/Runtime/PhysXVehicles/Binaries/Win64/UE4Editor-PhysXVehiclesEditor.dll (API version 3944462).
LogModuleManager: Display: Found up-to-date module file ../../../Engine/Plugins/Runtime/RuntimePhysXCooking/Binaries/Win64/UE4Editor-RuntimePhysXCooking.dll (API version 3944462).
LogModuleManager: Display: Found up-to-date module file ../../../Engine/Plugins/Runtime/Steam/SteamVR/Binaries/Win64/UE4Editor-SteamVR.dll (API version 3944462).
LogModuleManager: Display: Found up-to-date module file ../../../Engine/Plugins/Runtime/Steam/SteamVR/Binaries/Win64/UE4Editor-SteamVRController.dll (API version 3944462).
LogModuleManager: Display: Found up-to-date module file ../../../Engine/Plugins/Runtime/WindowsMoviePlayer/Binaries/Win64/UE4Editor-WindowsMoviePlayer.dll (API version 3944462).
LogPluginManager: Mounting plugin Paper2D
LogPluginManager: Mounting plugin LiveLink
LogPluginManager: Mounting plugin LightPropagationVolume
LogPluginManager: Mounting plugin CLionSourceCodeAccess
LogPluginManager: Mounting plugin CodeLiteSourceCodeAccess
LogPluginManager: Mounting plugin GitSourceControl
LogPluginManager: Mounting plugin KDevelopSourceCodeAccess
LogPluginManager: Mounting plugin NullSourceCodeAccess
LogPluginManager: Mounting plugin PerforceSourceControl
LogPluginManager: Mounting plugin SubversionSourceControl
LogPluginManager: Mounting plugin UObjectPlugin
LogPluginManager: Mounting plugin VisualStudioCodeSourceCodeAccess
LogPluginManager: Mounting plugin VisualStudioSourceCodeAccess
LogPluginManager: Mounting plugin XCodeSourceCodeAccess
LogPluginManager: Mounting plugin AssetManagerEditor
LogPluginManager: Mounting plugin CryptoKeys
LogPluginManager: Mounting plugin DataValidation
LogPluginManager: Mounting plugin FacialAnimation
LogPluginManager: Mounting plugin GameplayTagsEditor
LogPluginManager: Mounting plugin MobileLauncherProfileWizard
LogPluginManager: Mounting plugin PluginBrowser
LogPluginManager: Mounting plugin SpeedTreeImporter
LogPluginManager: Mounting plugin DatasmithContent
LogPluginManager: Mounting plugin AlembicImporter
LogPluginManager: Mounting plugin CharacterAI
LogPluginManager: Mounting plugin HTML5Networking
LogPluginManager: Mounting plugin Substance
LogPluginManager: Mounting plugin AndroidMedia
LogPluginManager: Mounting plugin AvfMedia
LogPluginManager: Mounting plugin ImgMedia
LogPluginManager: Mounting plugin LinearTimecode
LogPluginManager: Mounting plugin MediaCompositing
LogPluginManager: Mounting plugin MediaPlayerEditor
LogPluginManager: Mounting plugin WmfMedia
LogPluginManager: Mounting plugin TcpMessaging
LogPluginManager: Mounting plugin UdpMessaging
LogPluginManager: Mounting plugin ActorSequence
LogPluginManager: Mounting plugin LevelSequenceEditor
LogPluginManager: Mounting plugin MatineeToLevelSequence
LogPluginManager: Mounting plugin NetcodeUnitTest
LogPluginManager: Mounting plugin NUTUnrealEngine4
LogPluginManager: Mounting plugin OnlineSubsystemGooglePlay
LogPluginManager: Mounting plugin OnlineSubsystemIOS
LogPluginManager: Mounting plugin OnlineSubsystem
LogPluginManager: Mounting plugin OnlineSubsystemNull
LogPluginManager: Mounting plugin OnlineSubsystemUtils
LogPluginManager: Mounting plugin AndroidDeviceProfileSelector
LogPluginManager: Mounting plugin AndroidMoviePlayer
LogPluginManager: Mounting plugin AndroidPermission
LogPluginManager: Mounting plugin AppleARKit
LogPluginManager: Mounting plugin AppleMoviePlayer
LogPluginManager: Mounting plugin ArchVisCharacter
LogPluginManager: Mounting plugin AudioCapture
LogPluginManager: Mounting plugin CableComponent
LogPluginManager: Mounting plugin CustomMeshComponent
LogPluginManager: Mounting plugin ExampleDeviceProfileSelector
LogPluginManager: Mounting plugin GoogleCloudMessaging
LogPluginManager: Mounting plugin ImmediatePhysics
LogPluginManager: Mounting plugin IOSDeviceProfileSelector
LogPluginManager: Mounting plugin LinuxDeviceProfileSelector
LogPluginManager: Mounting plugin LocationServicesBPLibrary
LogPluginManager: Mounting plugin MobilePatchingUtils
LogPluginManager: Mounting plugin OculusVR
LogPluginManager: Plugin shader directory ../../../Engine/Plugins/Runtime/Oculus/OculusVR/Shaders found
LogPluginManager: Mapping shader source directory ../../../Engine/Plugins/Runtime/Oculus/OculusVR/Shaders to virtual directory /Plugin/OculusVR
LogPluginManager: Mounting plugin PhysXVehicles
LogPluginManager: Mounting plugin ProceduralMeshComponent
LogPluginManager: Mounting plugin RuntimePhysXCooking
LogPluginManager: Mounting plugin SteamVR
LogPluginManager: Mounting plugin WindowsMoviePlayer
LogStreaming: Display: Took  2.536s to configure plugins.
LogInit: Using libcurl 7.47.1
LogInit:  - built for x86_64-pc-win32
LogInit:  - supports SSL with OpenSSL/1.0.2g
LogInit:  - supports HTTP deflate (compression) using libz 1.2.8
LogInit:  - other features:
LogInit:      CURL_VERSION_SSL
LogInit:      CURL_VERSION_LIBZ
LogInit:      CURL_VERSION_IPV6
LogInit:      CURL_VERSION_ASYNCHDNS
LogInit:      CURL_VERSION_LARGEFILE
LogInit:      CURL_VERSION_IDN
LogInit:  CurlRequestOptions (configurable via config and command line):
LogInit:  - bVerifyPeer = false  - Libcurl will NOT verify peer certificate
LogInit:  - bUseHttpProxy = false  - Libcurl will NOT use HTTP proxy
LogInit:  - bDontReuseConnections = false  - Libcurl will reuse connections
LogInit:  - CertBundlePath = nullptr  - Libcurl will use whatever was configured at build time.
LogInit:  - MaxHostConnections = 16  - Libcurl will limit the number of connections to a host
LogInit:  - LocalHostAddr = Default
LogInit: WinSock: version 1.1 (2.2), MaxSocks=32767, MaxUdp=65467
LogInit: WinSock: I am DuappeHome (192.168.0.11:0)
LogInit: Build: ++UE4+Release-4.19-CL-3944462
LogInit: Engine Version: 4.19.0-3944462+++UE4+Release-4.19
LogInit: Compatible Engine Version: 4.19.0-3944462+++UE4+Release-4.19
LogInit: Net CL: 3944462
LogDevObjectVersion: Number of dev versions registered: 18
LogDevObjectVersion:   Dev-Blueprints (B0D832E4-1F89-4F0D-ACCF-7EB736FD4AA2): 10
LogDevObjectVersion:   Dev-Build (E1C64328-A22C-4D53-A36C-8E866417BD8C): 0
LogDevObjectVersion:   Dev-Core (375EC13C-06E4-48FB-B500-84F0262A717E): 2
LogDevObjectVersion:   Dev-Editor (E4B068ED-F494-42E9-A231-DA0B2E46BB41): 23
LogDevObjectVersion:   Dev-Framework (CFFC743F-43B0-4480-9391-14DF171D2073): 33
LogDevObjectVersion:   Dev-Mobile (B02B49B5-BB20-44E9-A304-32B752E40360): 2
LogDevObjectVersion:   Dev-Networking (A4E4105C-59A1-49B5-A7C5-40C4547EDFEE): 0
LogDevObjectVersion:   Dev-Online (39C831C9-5AE6-47DC-9A44-9C173E1C8E7C): 0
LogDevObjectVersion:   Dev-Physics (78F01B33-EBEA-4F98-B9B4-84EACCB95AA2): 0
LogDevObjectVersion:   Dev-Platform (6631380F-2D4D-43E0-8009-CF276956A95A): 0
LogDevObjectVersion:   Dev-Rendering (12F88B9F-8875-4AFC-A67C-D90C383ABD29): 25
LogDevObjectVersion:   Dev-Sequencer (7B5AE74C-D270-4C10-A958-57980B212A5A): 6
LogDevObjectVersion:   Dev-VR (D7296918-1DD6-4BDD-9DE2-64A83CC13884): 1
LogDevObjectVersion:   Dev-LoadTimes (C2A15278-BFE7-4AFE-6C17-90FF531DF755): 1
LogDevObjectVersion:   Private-Geometry (6EACA3D4-40EC-4CC1-B786-8BED09428FC5): 2
LogDevObjectVersion:   Dev-AnimPhys (29E575DD-E0A3-4627-9D10-D276232CDCEA): 16
LogDevObjectVersion:   Dev-ReflectionCapture (6B266CEC-1EC7-4B8F-A30B-E4D90942FC07): 1
LogDevObjectVersion:   Dev-Automation (0DF73D61-A23F-47EA-B727-89E90C41499A): 1
LogInit: Compiled (64-bit): Mar 13 2018 23:12:32
LogInit: Compiled with Visual C++: 19.00.24215.01
LogInit: Build Configuration: Development
LogInit: Branch Name: ++UE4+Release-4.19
LogInit: Command Line:  
LogInit: Base Directory: E:/Program/UE4/UE_4.19/Engine/Binaries/Win64/
LogInit: Installed Engine Build: 1
LogStreaming: Display: Took  0.000s to delete old logs.
LogInit: Presizing for max 8388607 objects, including 0 objects not considered by GC, pre-allocating 0 bytes for permanent pool.
LogInit: Object subsystem initialized
[2018.04.01-02.25.10:026][  0]LogInit: Selected Device Profile: [Windows]
[2018.04.01-02.25.10:026][  0]LogInit: Applying CVar settings loaded from the selected device profile: [Windows]
[2018.04.01-02.25.10:069][  0]LogInit: Computer: DUAPPEHOME
[2018.04.01-02.25.10:069][  0]LogInit: User: Duappe
[2018.04.01-02.25.10:069][  0]LogInit: CPU Page size=4096, Cores=4
[2018.04.01-02.25.10:069][  0]LogInit: High frequency timer resolution =3.420546 MHz
[2018.04.01-02.25.10:069][  0]LogMemory: Memory total: Physical=7.9GB (8GB approx)
[2018.04.01-02.25.10:069][  0]LogMemory: Platform Memory Stats for Windows
[2018.04.01-02.25.10:069][  0]LogMemory: Process Physical Memory: 274.39 MB used, 274.39 MB peak
[2018.04.01-02.25.10:069][  0]LogMemory: Process Virtual Memory: 270.95 MB used, 270.95 MB peak
[2018.04.01-02.25.10:069][  0]LogMemory: Physical Memory: 4802.48 MB used,  3338.00 MB free, 8140.48 MB total
[2018.04.01-02.25.10:069][  0]LogMemory: Virtual Memory: 674.45 MB used,  3338.00 MB free, 134217728.00 MB total
[2018.04.01-02.25.10:455][  0]LogInit: Using OS detected language (en-US).
[2018.04.01-02.25.10:455][  0]LogInit: Using OS detected locale (sv-SE).
[2018.04.01-02.25.10:762][  0]LogTextLocalizationManager: No specific localization for 'en-US' exists, so the 'en' localization will be used.
[2018.04.01-02.25.11:528][  0]LogStreaming: Display: Took  1.073s to EndInitTextLocalization.
[2018.04.01-02.25.11:528][  0]LogInit: Setting process to per monitor DPI aware
[2018.04.01-02.25.11:769][  0]LogSlate: New Slate User Created.  User Index 0, Is Virtual User: 0
[2018.04.01-02.25.11:769][  0]LogSlate: Slate User Registered.  User Index 0, Is Virtual User: 0
[2018.04.01-02.25.12:727][  0]LogD3D11RHI: D3D11 adapters:
[2018.04.01-02.25.12:780][  0]LogD3D11RHI:    0. 'NVIDIA GeForce GTX 760' (Feature Level 11_0)
[2018.04.01-02.25.12:780][  0]LogD3D11RHI:       2017/0/4070 MB DedicatedVideo/DedicatedSystem/SharedSystem, Outputs:2, VendorId:0x10de
[2018.04.01-02.25.12:782][  0]LogD3D11RHI:    1. 'Microsoft Basic Render Driver' (Feature Level 11_0)
[2018.04.01-02.25.12:782][  0]LogD3D11RHI:       0/0/4070 MB DedicatedVideo/DedicatedSystem/SharedSystem, Outputs:0, VendorId:0x1414
[2018.04.01-02.25.12:782][  0]LogD3D11RHI: Chosen D3D11 Adapter: 0
[2018.04.01-02.25.12:787][  0]LogD3D11RHI: Creating new Direct3DDevice
[2018.04.01-02.25.12:787][  0]LogD3D11RHI:     GPU DeviceId: 0x1187 (for the marketing name, search the web for "GPU Device Id")
[2018.04.01-02.25.12:787][  0]LogWindows: EnumDisplayDevices:
[2018.04.01-02.25.12:787][  0]LogWindows:    0. 'NVIDIA GeForce GTX 760' (P:1 D:1)
[2018.04.01-02.25.12:787][  0]LogWindows:    1. 'NVIDIA GeForce GTX 760' (P:0 D:1)
[2018.04.01-02.25.12:788][  0]LogWindows:    2. 'NVIDIA GeForce GTX 760' (P:0 D:0)
[2018.04.01-02.25.12:788][  0]LogWindows:    3. 'NVIDIA GeForce GTX 760' (P:0 D:0)
[2018.04.01-02.25.12:788][  0]LogWindows: DebugString: GetVideoDriverDetailsInvalid PrimaryIsNotTheChoosenAdapter GetVideoDriverDetailsInvalid PrimaryIsNotTheChoosenAdapter GetVideoDriverDetailsInvalid PrimaryIsNotTheChoosenAdapter GetVideoDriverDetailsInvalid PrimaryIsNotTheChoosenAdapter FoundDriverCount:0 
[2018.04.01-02.25.12:788][  0]LogD3D11RHI:     Adapter Name: NVIDIA GeForce GTX 760
[2018.04.01-02.25.12:788][  0]LogD3D11RHI:   Driver Version: Unknown (internal:Unknown, unified:Unknown)
[2018.04.01-02.25.12:788][  0]LogD3D11RHI:      Driver Date: Unknown
[2018.04.01-02.25.12:788][  0]LogRHI: Texture pool is 1412 MB (70% of 2017 MB)
[2018.04.01-02.25.12:821][  0]LogD3D11RHI: [Aftermath] Aftermath enabled but failed to initialize
[2018.04.01-02.25.12:821][  0]LogD3D11RHI: Async texture creation enabled
[2018.04.01-02.25.12:833][  0]LogD3D11RHI: GPU Timing Frequency: 1000.000000 (Debug: 2 1)
[2018.04.01-02.25.12:836][  0]LogShaderCompilers: Guid format shader working directory is -17 characters bigger than the processId version (../../../../../../Projekt/Birchvale/ProjectBirchvaleFP/Birchvale/Intermediate/Shaders/WorkingDirectory/7244/).
[2018.04.01-02.25.12:836][  0]LogShaderCompilers: Cleaned the shader compiler working directory 'C:/Users/Duappe/AppData/Local/Temp/UnrealShaderWorkingDir/36413A2D4C8819CE485EDFBF431C01C5/'.
[2018.04.01-02.25.13:548][  0]LogTemp: Display: Loaded TP AllDesktopTargetPlatform
[2018.04.01-02.25.13:562][  0]LogTemp: Display: Loaded TP MacClientTargetPlatform
[2018.04.01-02.25.13:576][  0]LogTemp: Display: Loaded TP MacNoEditorTargetPlatform
[2018.04.01-02.25.13:589][  0]LogTemp: Display: Loaded TP MacServerTargetPlatform
[2018.04.01-02.25.13:627][  0]LogTemp: Display: Loaded TP MacTargetPlatform
[2018.04.01-02.25.13:641][  0]LogTemp: Display: Loaded TP WindowsClientTargetPlatform
[2018.04.01-02.25.13:654][  0]LogTemp: Display: Loaded TP WindowsNoEditorTargetPlatform
[2018.04.01-02.25.13:669][  0]LogTemp: Display: Loaded TP WindowsServerTargetPlatform
[2018.04.01-02.25.13:676][  0]LogTemp: Display: Loaded TP WindowsTargetPlatform
[2018.04.01-02.25.13:688][  0]LogTemp: Display: Loaded TP Android_ASTCTargetPlatform
[2018.04.01-02.25.13:700][  0]LogTemp: Display: Loaded TP Android_ATCTargetPlatform
[2018.04.01-02.25.13:712][  0]LogTemp: Display: Loaded TP Android_DXTTargetPlatform
[2018.04.01-02.25.13:724][  0]LogTemp: Display: Loaded TP Android_ETC1aTargetPlatform
[2018.04.01-02.25.13:736][  0]LogTemp: Display: Loaded TP Android_ETC1TargetPlatform
[2018.04.01-02.25.13:748][  0]LogTemp: Display: Loaded TP Android_ETC2TargetPlatform
[2018.04.01-02.25.13:797][  0]LogTemp: Display: Loaded TP Android_MultiTargetPlatform
[2018.04.01-02.25.13:797][  0]LogTemp: Display: Loaded TP Android_PVRTCTargetPlatform
[2018.04.01-02.25.13:828][  0]LogTemp: Display: Loaded TP AndroidTargetPlatform
[2018.04.01-02.25.13:829][  0]LogTemp: Display: Loaded TP HTML5TargetPlatform
[2018.04.01-02.25.13:881][  0]LogTemp: Display: Loaded TP IOSTargetPlatform
[2018.04.01-02.25.13:893][  0]LogTemp: Display: Loaded TP TVOSTargetPlatform
[2018.04.01-02.25.13:905][  0]LogTemp: Display: Loaded TP LinuxClientTargetPlatform
[2018.04.01-02.25.13:917][  0]LogTemp: Display: Loaded TP LinuxNoEditorTargetPlatform
[2018.04.01-02.25.13:930][  0]LogTemp: Display: Loaded TP LinuxServerTargetPlatform
[2018.04.01-02.25.13:943][  0]LogTemp: Display: Loaded TP LinuxTargetPlatform
[2018.04.01-02.25.13:943][  0]LogTargetPlatformManager: Display: Building Assets For Windows
[2018.04.01-02.25.14:553][  0]LogXGEController: Cleaning working directory: C:/Users/Duappe/AppData/Local/Temp/UnrealXGEWorkingDir/
[2018.04.01-02.25.14:553][  0]LogXGEController: Cannot use XGE Controller as Incredibuild is not installed on this machine.
[2018.04.01-02.25.14:553][  0]LogShaderCompilers: Cannot use XGE Shader Compiler as Incredibuild is not installed on this machine.
[2018.04.01-02.25.14:553][  0]LogShaderCompilers: Display: Using Local Shader Compiler.
[2018.04.01-02.25.15:405][  0]LogDerivedDataCache: Display: Max Cache Size: 512 MB
[2018.04.01-02.25.15:808][  0]LogDerivedDataCache: Loaded boot cache 0.40s 74MB C:/Users/Duappe/AppData/Local/UnrealEngine/4.19/DerivedDataCache/Boot.ddc.
[2018.04.01-02.25.15:808][  0]LogDerivedDataCache: Display: Loaded Boot cache: C:/Users/Duappe/AppData/Local/UnrealEngine/4.19/DerivedDataCache/Boot.ddc
[2018.04.01-02.25.15:808][  0]LogDerivedDataCache: FDerivedDataBackendGraph:  Pak pak cache file ../../../../../../Projekt/Birchvale/ProjectBirchvaleFP/Birchvale/DerivedDataCache/DDC.ddp not found, will not use a pak cache.
[2018.04.01-02.25.15:808][  0]LogDerivedDataCache: Unable to find inner node Pak for hierarchical cache Hierarchy.
[2018.04.01-02.25.15:808][  0]LogDerivedDataCache: FDerivedDataBackendGraph:  CompressedPak pak cache file ../../../../../../Projekt/Birchvale/ProjectBirchvaleFP/Birchvale/DerivedDataCache/Compressed.ddp not found, will not use a pak cache.
[2018.04.01-02.25.15:808][  0]LogDerivedDataCache: Unable to find inner node CompressedPak for hierarchical cache Hierarchy.
[2018.04.01-02.25.15:830][  0]LogDerivedDataCache: Display: Pak cache opened for reading ../../../Engine/DerivedDataCache/Compressed.ddp.
[2018.04.01-02.25.15:842][  0]LogDerivedDataCache: Using Local data cache path C:/Users/Duappe/AppData/Local/UnrealEngine/Common/DerivedDataCache: Writable
[2018.04.01-02.25.15:853][  0]LogMaterial: Verifying Global Shaders for PCD3D_SM5
[2018.04.01-02.25.15:854][  0]LogSlate: Using Freetype 2.6.0
[2018.04.01-02.25.15:859][  0]LogSlate: SlateFontCache - WITH_FREETYPE: 1, WITH_HARFBUZZ: 1
[2018.04.01-02.25.15:859][  0]LogSlate: SlateFontCache - WITH_FREETYPE: 1, WITH_HARFBUZZ: 1
[2018.04.01-02.25.19:288][  0]LogAssetRegistry: FAssetRegistry took 0.0259 seconds to start up
[2018.04.01-02.25.21:295][  0]LogInit: Selected Device Profile: [Windows]
[2018.04.01-02.25.21:661][  0]LogSimplygon: Simplygon DLL not present - disabling.
[2018.04.01-02.25.21:678][  0]LogMeshReduction: Using SimplygonSwarm for distributed automatic mesh merging
[2018.04.01-02.25.21:678][  0]LogMeshReduction: Using QuadricMeshReduction for automatic static mesh reduction
[2018.04.01-02.25.21:678][  0]LogMeshReduction: No automatic skeletal mesh reduction module available
[2018.04.01-02.25.21:678][  0]LogMeshReduction: No automatic mesh merging module available
[2018.04.01-02.25.21:678][  0]LogMeshMerging: No automatic mesh merging module available
[2018.04.01-02.25.21:721][  0]LogNetVersion: Birchvale , NetCL: 3944462, EngineNetVer: 2, GameNetVer: 0 (Checksum: 3160824954)
[2018.04.01-02.25.22:210][  0]LogPackageLocalizationCache: Processed 9 localized package path(s) for 2 prioritized culture(s) in 0.076761 seconds
[2018.04.01-02.25.22:215][  0]LogUObjectArray: 36728 objects as part of root set at end of initial load.
[2018.04.01-02.25.22:215][  0]LogUObjectAllocator: 7314304 out of 0 bytes used by permanent object pool.
[2018.04.01-02.25.22:215][  0]LogUObjectArray: CloseDisregardForGC: 0/0 objects in disregard for GC pool
[2018.04.01-02.25.22:285][  0]LogWindows: Failed to load 'E:/Program/UE4/UE_4.19/Engine/Binaries/Win64/UE4Editor-XAudio2.dll' (GetLastError=126)
[2018.04.01-02.25.22:285][  0]LogWindows:   Missing import: X3DAudio1_7.dll
[2018.04.01-02.25.22:285][  0]LogWindows:   Missing import: XAPOFX1_5.dll
[2018.04.01-02.25.22:286][  0]LogWindows:   Looked in: ../../../Engine/Binaries/Win64
[2018.04.01-02.25.22:286][  0]LogWindows:   Looked in: ../../../../../../Projekt/Birchvale/ProjectBirchvaleFP/Birchvale/Binaries/Win64
[2018.04.01-02.25.22:286][  0]LogWindows:   Looked in: E:\Projekt\Birchvale\ProjectBirchvaleFP\Birchvale\Binaries\Win64
[2018.04.01-02.25.22:286][  0]LogWindows:   Looked in: E:\Program\UE4\UE_4.19\Engine\Plugins\Marketplace\Substance\Binaries\Win64
[2018.04.01-02.25.22:286][  0]LogWindows:   Looked in: E:\Program\UE4\UE_4.19\Engine\Plugins\2D\Paper2D\Binaries\Win64
[2018.04.01-02.25.22:286][  0]LogWindows:   Looked in: E:\Program\UE4\UE_4.19\Engine\Plugins\Blendables\LightPropagationVolume\Binaries\Win64
[2018.04.01-02.25.22:286][  0]LogWindows:   Looked in: E:\Program\UE4\UE_4.19\Engine\Plugins\Developer\CLionSourceCodeAccess\Binaries\Win64
[2018.04.01-02.25.22:286][  0]LogWindows:   Looked in: E:\Program\UE4\UE_4.19\Engine\Plugins\Developer\CodeLiteSourceCodeAccess\Binaries\Win64
[2018.04.01-02.25.22:286][  0]LogWindows:   Looked in: E:\Program\UE4\UE_4.19\Engine\Plugins\Developer\GitSourceControl\Binaries\Win64
[2018.04.01-02.25.22:286][  0]LogWindows:   Looked in: E:\Program\UE4\UE_4.19\Engine\Plugins\Developer\KDevelopSourceCodeAccess\Binaries\Win64
[2018.04.01-02.25.22:286][  0]LogWindows:   Looked in: E:\Program\UE4\UE_4.19\Engine\Plugins\Developer\NullSourceCodeAccess\Binaries\Win64
[2018.04.01-02.25.22:286][  0]LogWindows:   Looked in: E:\Program\UE4\UE_4.19\Engine\Plugins\Developer\PerforceSourceControl\Binaries\Win64
[2018.04.01-02.25.22:286][  0]LogWindows:   Looked in: E:\Program\UE4\UE_4.19\Engine\Plugins\Developer\SubversionSourceControl\Binaries\Win64
[2018.04.01-02.25.22:286][  0]LogWindows:   Looked in: E:\Program\UE4\UE_4.19\Engine\Plugins\Developer\UObjectPlugin\Binaries\Win64
[2018.04.01-02.25.22:286][  0]LogWindows:   Looked in: E:\Program\UE4\UE_4.19\Engine\Plugins\Developer\VisualStudioCodeSourceCodeAccess\Binaries\Win64
[2018.04.01-02.25.22:286][  0]LogWindows:   Looked in: E:\Program\UE4\UE_4.19\Engine\Plugins\Developer\VisualStudioSourceCodeAccess\Binaries\Win64
[2018.04.01-02.25.22:286][  0]LogWindows:   Looked in: E:\Program\UE4\UE_4.19\Engine\Plugins\Developer\XCodeSourceCodeAccess\Binaries\Win64
[2018.04.01-02.25.22:286][  0]LogWindows:   Looked in: E:\Program\UE4\UE_4.19\Engine\Plugins\Editor\AssetManagerEditor\Binaries\Win64
[2018.04.01-02.25.22:286][  0]LogWindows:   Looked in: E:\Program\UE4\UE_4.19\Engine\Plugins\Editor\CryptoKeys\Binaries\Win64
[2018.04.01-02.25.22:286][  0]LogWindows:   Looked in: E:\Program\UE4\UE_4.19\Engine\Plugins\Editor\DataValidation\Binaries\Win64
[2018.04.01-02.25.22:286][  0]LogWindows:   Looked in: E:\Program\UE4\UE_4.19\Engine\Plugins\Editor\FacialAnimation\Binaries\Win64
[2018.04.01-02.25.22:286][  0]LogWindows:   Looked in: E:\Program\UE4\UE_4.19\Engine\Plugins\Editor\GameplayTagsEditor\Binaries\Win64
[2018.04.01-02.25.22:286][  0]LogWindows:   Looked in: E:\Program\UE4\UE_4.19\Engine\Plugins\Editor\MobileLauncherProfileWizard\Binaries\Win64
[2018.04.01-02.25.22:286][  0]LogWindows:   Looked in: E:\Program\UE4\UE_4.19\Engine\Plugins\Editor\PluginBrowser\Binaries\Win64
[2018.04.01-02.25.22:286][  0]LogWindows:   Looked in: E:\Program\UE4\UE_4.19\Engine\Plugins\Editor\SpeedTreeImporter\Binaries\Win64
[2018.04.01-02.25.22:286][  0]LogWindows:   Looked in: E:\Program\UE4\UE_4.19\Engine\Plugins\Enterprise\DatasmithContent\Binaries\Win64
[2018.04.01-02.25.22:286][  0]LogWindows:   Looked in: E:\Program\UE4\UE_4.19\Engine\Plugins\Experimental\AlembicImporter\Binaries\Win64
[2018.04.01-02.25.22:286][  0]LogWindows:   Looked in: E:\Program\UE4\UE_4.19\Engine\Plugins\Experimental\CharacterAI\Binaries\Win64
[2018.04.01-02.25.22:286][  0]LogWindows:   Looked in: E:\Program\UE4\UE_4.19\Engine\Plugins\Experimental\HTML5Networking\Binaries\Win64
[2018.04.01-02.25.22:286][  0]LogWindows:   Looked in: E:\Program\UE4\UE_4.19\Engine\Plugins\Media\AndroidMedia\Binaries\Win64
[2018.04.01-02.25.22:286][  0]LogWindows:   Looked in: E:\Program\UE4\UE_4.19\Engine\Plugins\Media\AvfMedia\Binaries\Win64
[2018.04.01-02.25.22:286][  0]LogWindows:   Looked in: E:\Program\UE4\UE_4.19\Engine\Plugins\Media\ImgMedia\Binaries\Win64
[2018.04.01-02.25.22:286][  0]LogWindows:   Looked in: E:\Program\UE4\UE_4.19\Engine\Plugins\Media\LinearTimecode\Binaries\Win64
[2018.04.01-02.25.22:286][  0]LogWindows:   Looked in: E:\Program\UE4\UE_4.19\Engine\Plugins\Media\MediaCompositing\Binaries\Win64
[2018.04.01-02.25.22:286][  0]LogWindows:   Looked in: E:\Program\UE4\UE_4.19\Engine\Plugins\Media\MediaPlayerEditor\Binaries\Win64
[2018.04.01-02.25.22:286][  0]LogWindows:   Looked in: E:\Program\UE4\UE_4.19\Engine\Plugins\Media\WmfMedia\Binaries\Win64
[2018.04.01-02.25.22:286][  0]LogWindows:   Looked in: E:\Program\UE4\UE_4.19\Engine\Plugins\Messaging\TcpMessaging\Binaries\Win64
[2018.04.01-02.25.22:286][  0]LogWindows:   Looked in: E:\Program\UE4\UE_4.19\Engine\Plugins\Messaging\UdpMessaging\Binaries\Win64
[2018.04.01-02.25.22:286][  0]LogWindows:   Looked in: E:\Program\UE4\UE_4.19\Engine\Plugins\MovieScene\ActorSequence\Binaries\Win64
[2018.04.01-02.25.22:286][  0]LogWindows:   Looked in: E:\Program\UE4\UE_4.19\Engine\Plugins\MovieScene\LevelSequenceEditor\Binaries\Win64
[2018.04.01-02.25.22:286][  0]LogWindows:   Looked in: E:\Program\UE4\UE_4.19\Engine\Plugins\MovieScene\MatineeToLevelSequence\Binaries\Win64
[2018.04.01-02.25.22:286][  0]LogWindows:   Looked in: E:\Program\UE4\UE_4.19\Engine\Plugins\NetcodeUnitTest\NetcodeUnitTest\Binaries\Win64
[2018.04.01-02.25.22:286][  0]LogWindows:   Looked in: E:\Program\UE4\UE_4.19\Engine\Plugins\NetcodeUnitTest\NUTUnrealEngine4\Binaries\Win64
[2018.04.01-02.25.22:286][  0]LogWindows:   Looked in: E:\Program\UE4\UE_4.19\Engine\Plugins\Online\Android\OnlineSubsystemGooglePlay\Binaries\Win64
[2018.04.01-02.25.22:286][  0]LogWindows:   Looked in: E:\Program\UE4\UE_4.19\Engine\Plugins\Online\OnlineSubsystem\Binaries\Win64
[2018.04.01-02.25.22:286][  0]LogWindows:   Looked in: E:\Program\UE4\UE_4.19\Engine\Plugins\Runtime\AndroidPermission\Binaries\Win64
[2018.04.01-02.25.22:286][  0]LogWindows:   Looked in: E:\Program\UE4\UE_4.19\Engine\Plugins\Online\IOS\OnlineSubsystemIOS\Binaries\Win64
[2018.04.01-02.25.22:286][  0]LogWindows:   Looked in: E:\Program\UE4\UE_4.19\Engine\Plugins\Online\OnlineSubsystemNull\Binaries\Win64
[2018.04.01-02.25.22:286][  0]LogWindows:   Looked in: E:\Program\UE4\UE_4.19\Engine\Plugins\Online\OnlineSubsystemUtils\Binaries\Win64
[2018.04.01-02.25.22:286][  0]LogWindows:   Looked in: E:\Program\UE4\UE_4.19\Engine\Plugins\Runtime\AndroidDeviceProfileSelector\Binaries\Win64
[2018.04.01-02.25.22:286][  0]LogWindows:   Looked in: E:\Program\UE4\UE_4.19\Engine\Plugins\Runtime\AndroidMoviePlayer\Binaries\Win64
[2018.04.01-02.25.22:286][  0]LogWindows:   Looked in: E:\Program\UE4\UE_4.19\Engine\Plugins\Runtime\AppleARKit\Binaries\Win64
[2018.04.01-02.25.22:286][  0]LogWindows:   Looked in: E:\Program\UE4\UE_4.19\Engine\Plugins\Runtime\ProceduralMeshComponent\Binaries\Win64
[2018.04.01-02.25.22:286][  0]LogWindows:   Looked in: E:\Program\UE4\UE_4.19\Engine\Plugins\Animation\LiveLink\Binaries\Win64
[2018.04.01-02.25.22:286][  0]LogWindows:   Looked in: E:\Program\UE4\UE_4.19\Engine\Plugins\Runtime\AppleMoviePlayer\Binaries\Win64
[2018.04.01-02.25.22:286][  0]LogWindows:   Looked in: E:\Program\UE4\UE_4.19\Engine\Plugins\Runtime\ArchVisCharacter\Binaries\Win64
[2018.04.01-02.25.22:286][  0]LogWindows:   Looked in: E:\Program\UE4\UE_4.19\Engine\Plugins\Runtime\AudioCapture\Binaries\Win64
[2018.04.01-02.25.22:286][  0]LogWindows:   Looked in: E:\Program\UE4\UE_4.19\Engine\Plugins\Runtime\CableComponent\Binaries\Win64
[2018.04.01-02.25.22:286][  0]LogWindows:   Looked in: E:\Program\UE4\UE_4.19\Engine\Plugins\Runtime\CustomMeshComponent\Binaries\Win64
[2018.04.01-02.25.22:286][  0]LogWindows:   Looked in: E:\Program\UE4\UE_4.19\Engine\Plugins\Runtime\ExampleDeviceProfileSelector\Binaries\Win64
[2018.04.01-02.25.22:286][  0]LogWindows:   Looked in: E:\Program\UE4\UE_4.19\Engine\Plugins\Runtime\GoogleCloudMessaging\Binaries\Win64
[2018.04.01-02.25.22:286][  0]LogWindows:   Looked in: E:\Program\UE4\UE_4.19\Engine\Plugins\Runtime\ImmediatePhysics\Binaries\Win64
[2018.04.01-02.25.22:286][  0]LogWindows:   Looked in: E:\Program\UE4\UE_4.19\Engine\Plugins\Runtime\IOSDeviceProfileSelector\Binaries\Win64
[2018.04.01-02.25.22:286][  0]LogWindows:   Looked in: E:\Program\UE4\UE_4.19\Engine\Plugins\Runtime\LinuxDeviceProfileSelector\Binaries\Win64
[2018.04.01-02.25.22:286][  0]LogWindows:   Looked in: E:\Program\UE4\UE_4.19\Engine\Plugins\Runtime\LocationServicesBPLibrary\Binaries\Win64
[2018.04.01-02.25.22:286][  0]LogWindows:   Looked in: E:\Program\UE4\UE_4.19\Engine\Plugins\Runtime\MobilePatchingUtils\Binaries\Win64
[2018.04.01-02.25.22:286][  0]LogWindows:   Looked in: E:\Program\UE4\UE_4.19\Engine\Plugins\Runtime\Oculus\OculusVR\Binaries\Win64
[2018.04.01-02.25.22:286][  0]LogWindows:   Looked in: E:\Program\UE4\UE_4.19\Engine\Plugins\Runtime\PhysXVehicles\Binaries\Win64
[2018.04.01-02.25.22:286][  0]LogWindows:   Looked in: E:\Program\UE4\UE_4.19\Engine\Plugins\Runtime\RuntimePhysXCooking\Binaries\Win64
[2018.04.01-02.25.22:286][  0]LogWindows:   Looked in: E:\Program\UE4\UE_4.19\Engine\Plugins\Runtime\Steam\SteamVR\Binaries\Win64
[2018.04.01-02.25.22:286][  0]LogWindows:   Looked in: E:\Program\UE4\UE_4.19\Engine\Plugins\Runtime\WindowsMoviePlayer\Binaries\Win64
[2018.04.01-02.25.22:286][  0]LogModuleManager: Warning: ModuleManager: Unable to load module 'E:/Program/UE4/UE_4.19/Engine/Binaries/Win64/UE4Editor-XAudio2.dll' because the file couldn't be loaded by the OS.
[2018.04.01-02.25.38:460][  0]LogSubstanceCoreModule: Substance [CPU] Engine Loaded, Max Texture Size = 2048
[2018.04.01-02.25.38:551][  0]LogTcpMessaging: Initializing TcpMessaging bridge
[2018.04.01-02.25.38:645][  0]LogUdpMessaging: Initializing bridge on interface 0.0.0.0:0 to multicast group 230.0.0.1:6666.
[2018.04.01-02.25.39:237][  0]SourceControl: Source control is disabled
[2018.04.01-02.25.39:237][  0]SourceControl: Source control is disabled
[2018.04.01-02.25.39:279][  0]SourceControl: Source control is disabled
[2018.04.01-02.25.39:350][  0]SourceControl: Source control is disabled
[2018.04.01-02.25.40:292][  0]LogAndroidPermission: UAndroidPermissionCallbackProxy::GetInstance
[2018.04.01-02.25.40:533][  0]LogOcInput: OculusInput pre-init called
[2018.04.01-02.25.41:180][  0]LogEngine: Initializing Engine...
[2018.04.01-02.25.41:182][  0]LogHMD: Failed to initialize OpenVR with code 110
[2018.04.01-02.25.41:184][  0]LogStats: UGameplayTagsManager::ConstructGameplayTagTree: Construct from data asset -  0.000 s
[2018.04.01-02.25.41:184][  0]LogStats: UGameplayTagsManager::ConstructGameplayTagTree: GameplayTagTreeChangedEvent.Broadcast -  0.000 s
[2018.04.01-02.25.41:783][  0]LogAIModule: Creating AISystem for world Untitled
[2018.04.01-02.25.41:975][  0]LogWindows: Failed to load 'E:/Program/UE4/UE_4.19/Engine/Binaries/Win64/UE4Editor-XAudio2.dll' (GetLastError=126)
[2018.04.01-02.25.41:975][  0]LogWindows:   Missing import: X3DAudio1_7.dll
[2018.04.01-02.25.41:975][  0]LogWindows:   Missing import: XAPOFX1_5.dll
[2018.04.01-02.25.41:975][  0]LogWindows:   Looked in: ../../../Engine/Binaries/Win64
[2018.04.01-02.25.41:975][  0]LogWindows:   Looked in: ../../../../../../Projekt/Birchvale/ProjectBirchvaleFP/Birchvale/Binaries/Win64
[2018.04.01-02.25.41:975][  0]LogWindows:   Looked in: E:\Projekt\Birchvale\ProjectBirchvaleFP\Birchvale\Binaries\Win64
[2018.04.01-02.25.41:975][  0]LogWindows:   Looked in: E:\Program\UE4\UE_4.19\Engine\Plugins\Marketplace\Substance\Binaries\Win64
[2018.04.01-02.25.41:975][  0]LogWindows:   Looked in: E:\Program\UE4\UE_4.19\Engine\Plugins\2D\Paper2D\Binaries\Win64
[2018.04.01-02.25.41:975][  0]LogWindows:   Looked in: E:\Program\UE4\UE_4.19\Engine\Plugins\Blendables\LightPropagationVolume\Binaries\Win64
[2018.04.01-02.25.41:975][  0]LogWindows:   Looked in: E:\Program\UE4\UE_4.19\Engine\Plugins\Developer\CLionSourceCodeAccess\Binaries\Win64
[2018.04.01-02.25.41:975][  0]LogWindows:   Looked in: E:\Program\UE4\UE_4.19\Engine\Plugins\Developer\CodeLiteSourceCodeAccess\Binaries\Win64
[2018.04.01-02.25.41:975][  0]LogWindows:   Looked in: E:\Program\UE4\UE_4.19\Engine\Plugins\Developer\GitSourceControl\Binaries\Win64
[2018.04.01-02.25.41:975][  0]LogWindows:   Looked in: E:\Program\UE4\UE_4.19\Engine\Plugins\Developer\KDevelopSourceCodeAccess\Binaries\Win64
[2018.04.01-02.25.41:975][  0]LogWindows:   Looked in: E:\Program\UE4\UE_4.19\Engine\Plugins\Developer\NullSourceCodeAccess\Binaries\Win64
[2018.04.01-02.25.41:975][  0]LogWindows:   Looked in: E:\Program\UE4\UE_4.19\Engine\Plugins\Developer\PerforceSourceControl\Binaries\Win64
[2018.04.01-02.25.41:975][  0]LogWindows:   Looked in: E:\Program\UE4\UE_4.19\Engine\Plugins\Developer\SubversionSourceControl\Binaries\Win64
[2018.04.01-02.25.41:975][  0]LogWindows:   Looked in: E:\Program\UE4\UE_4.19\Engine\Plugins\Developer\UObjectPlugin\Binaries\Win64
[2018.04.01-02.25.41:975][  0]LogWindows:   Looked in: E:\Program\UE4\UE_4.19\Engine\Plugins\Developer\VisualStudioCodeSourceCodeAccess\Binaries\Win64
[2018.04.01-02.25.41:975][  0]LogWindows:   Looked in: E:\Program\UE4\UE_4.19\Engine\Plugins\Developer\VisualStudioSourceCodeAccess\Binaries\Win64
[2018.04.01-02.25.41:975][  0]LogWindows:   Looked in: E:\Program\UE4\UE_4.19\Engine\Plugins\Developer\XCodeSourceCodeAccess\Binaries\Win64
[2018.04.01-02.25.41:975][  0]LogWindows:   Looked in: E:\Program\UE4\UE_4.19\Engine\Plugins\Editor\AssetManagerEditor\Binaries\Win64
[2018.04.01-02.25.41:975][  0]LogWindows:   Looked in: E:\Program\UE4\UE_4.19\Engine\Plugins\Editor\CryptoKeys\Binaries\Win64
[2018.04.01-02.25.41:975][  0]LogWindows:   Looked in: E:\Program\UE4\UE_4.19\Engine\Plugins\Editor\DataValidation\Binaries\Win64
[2018.04.01-02.25.41:975][  0]LogWindows:   Looked in: E:\Program\UE4\UE_4.19\Engine\Plugins\Editor\FacialAnimation\Binaries\Win64
[2018.04.01-02.25.41:975][  0]LogWindows:   Looked in: E:\Program\UE4\UE_4.19\Engine\Plugins\Editor\GameplayTagsEditor\Binaries\Win64
[2018.04.01-02.25.41:975][  0]LogWindows:   Looked in: E:\Program\UE4\UE_4.19\Engine\Plugins\Editor\MobileLauncherProfileWizard\Binaries\Win64
[2018.04.01-02.25.41:975][  0]LogWindows:   Looked in: E:\Program\UE4\UE_4.19\Engine\Plugins\Editor\PluginBrowser\Binaries\Win64
[2018.04.01-02.25.41:975][  0]LogWindows:   Looked in: E:\Program\UE4\UE_4.19\Engine\Plugins\Editor\SpeedTreeImporter\Binaries\Win64
[2018.04.01-02.25.41:975][  0]LogWindows:   Looked in: E:\Program\UE4\UE_4.19\Engine\Plugins\Enterprise\DatasmithContent\Binaries\Win64
[2018.04.01-02.25.41:975][  0]LogWindows:   Looked in: E:\Program\UE4\UE_4.19\Engine\Plugins\Experimental\AlembicImporter\Binaries\Win64
[2018.04.01-02.25.41:975][  0]LogWindows:   Looked in: E:\Program\UE4\UE_4.19\Engine\Plugins\Experimental\CharacterAI\Binaries\Win64
[2018.04.01-02.25.41:975][  0]LogWindows:   Looked in: E:\Program\UE4\UE_4.19\Engine\Plugins\Experimental\HTML5Networking\Binaries\Win64
[2018.04.01-02.25.41:975][  0]LogWindows:   Looked in: E:\Program\UE4\UE_4.19\Engine\Plugins\Media\AndroidMedia\Binaries\Win64
[2018.04.01-02.25.41:975][  0]LogWindows:   Looked in: E:\Program\UE4\UE_4.19\Engine\Plugins\Media\AvfMedia\Binaries\Win64
[2018.04.01-02.25.41:975][  0]LogWindows:   Looked in: E:\Program\UE4\UE_4.19\Engine\Plugins\Media\ImgMedia\Binaries\Win64
[2018.04.01-02.25.41:975][  0]LogWindows:   Looked in: E:\Program\UE4\UE_4.19\Engine\Plugins\Media\LinearTimecode\Binaries\Win64
[2018.04.01-02.25.41:975][  0]LogWindows:   Looked in: E:\Program\UE4\UE_4.19\Engine\Plugins\Media\MediaCompositing\Binaries\Win64
[2018.04.01-02.25.41:975][  0]LogWindows:   Looked in: E:\Program\UE4\UE_4.19\Engine\Plugins\Media\MediaPlayerEditor\Binaries\Win64
[2018.04.01-02.25.41:975][  0]LogWindows:   Looked in: E:\Program\UE4\UE_4.19\Engine\Plugins\Media\WmfMedia\Binaries\Win64
[2018.04.01-02.25.41:975][  0]LogWindows:   Looked in: E:\Program\UE4\UE_4.19\Engine\Plugins\Messaging\TcpMessaging\Binaries\Win64
[2018.04.01-02.25.41:975][  0]LogWindows:   Looked in: E:\Program\UE4\UE_4.19\Engine\Plugins\Messaging\UdpMessaging\Binaries\Win64
[2018.04.01-02.25.41:975][  0]LogWindows:   Looked in: E:\Program\UE4\UE_4.19\Engine\Plugins\MovieScene\ActorSequence\Binaries\Win64
[2018.04.01-02.25.41:976][  0]LogWindows:   Looked in: E:\Program\UE4\UE_4.19\Engine\Plugins\MovieScene\LevelSequenceEditor\Binaries\Win64
[2018.04.01-02.25.41:976][  0]LogWindows:   Looked in: E:\Program\UE4\UE_4.19\Engine\Plugins\MovieScene\MatineeToLevelSequence\Binaries\Win64
[2018.04.01-02.25.41:976][  0]LogWindows:   Looked in: E:\Program\UE4\UE_4.19\Engine\Plugins\NetcodeUnitTest\NetcodeUnitTest\Binaries\Win64
[2018.04.01-02.25.41:976][  0]LogWindows:   Looked in: E:\Program\UE4\UE_4.19\Engine\Plugins\NetcodeUnitTest\NUTUnrealEngine4\Binaries\Win64
[2018.04.01-02.25.41:976][  0]LogWindows:   Looked in: E:\Program\UE4\UE_4.19\Engine\Plugins\Online\Android\OnlineSubsystemGooglePlay\Binaries\Win64
[2018.04.01-02.25.41:976][  0]LogWindows:   Looked in: E:\Program\UE4\UE_4.19\Engine\Plugins\Online\OnlineSubsystem\Binaries\Win64
[2018.04.01-02.25.41:976][  0]LogWindows:   Looked in: E:\Program\UE4\UE_4.19\Engine\Plugins\Runtime\AndroidPermission\Binaries\Win64
[2018.04.01-02.25.41:976][  0]LogWindows:   Looked in: E:\Program\UE4\UE_4.19\Engine\Plugins\Online\IOS\OnlineSubsystemIOS\Binaries\Win64
[2018.04.01-02.25.41:976][  0]LogWindows:   Looked in: E:\Program\UE4\UE_4.19\Engine\Plugins\Online\OnlineSubsystemNull\Binaries\Win64
[2018.04.01-02.25.41:976][  0]LogWindows:   Looked in: E:\Program\UE4\UE_4.19\Engine\Plugins\Online\OnlineSubsystemUtils\Binaries\Win64
[2018.04.01-02.25.41:976][  0]LogWindows:   Looked in: E:\Program\UE4\UE_4.19\Engine\Plugins\Runtime\AndroidDeviceProfileSelector\Binaries\Win64
[2018.04.01-02.25.41:976][  0]LogWindows:   Looked in: E:\Program\UE4\UE_4.19\Engine\Plugins\Runtime\AndroidMoviePlayer\Binaries\Win64
[2018.04.01-02.25.41:976][  0]LogWindows:   Looked in: E:\Program\UE4\UE_4.19\Engine\Plugins\Runtime\AppleARKit\Binaries\Win64
[2018.04.01-02.25.41:976][  0]LogWindows:   Looked in: E:\Program\UE4\UE_4.19\Engine\Plugins\Runtime\ProceduralMeshComponent\Binaries\Win64
[2018.04.01-02.25.41:976][  0]LogWindows:   Looked in: E:\Program\UE4\UE_4.19\Engine\Plugins\Animation\LiveLink\Binaries\Win64
[2018.04.01-02.25.41:976][  0]LogWindows:   Looked in: E:\Program\UE4\UE_4.19\Engine\Plugins\Runtime\AppleMoviePlayer\Binaries\Win64
[2018.04.01-02.25.41:976][  0]LogWindows:   Looked in: E:\Program\UE4\UE_4.19\Engine\Plugins\Runtime\ArchVisCharacter\Binaries\Win64
[2018.04.01-02.25.41:976][  0]LogWindows:   Looked in: E:\Program\UE4\UE_4.19\Engine\Plugins\Runtime\AudioCapture\Binaries\Win64
[2018.04.01-02.25.41:976][  0]LogWindows:   Looked in: E:\Program\UE4\UE_4.19\Engine\Plugins\Runtime\CableComponent\Binaries\Win64
[2018.04.01-02.25.41:976][  0]LogWindows:   Looked in: E:\Program\UE4\UE_4.19\Engine\Plugins\Runtime\CustomMeshComponent\Binaries\Win64
[2018.04.01-02.25.41:976][  0]LogWindows:   Looked in: E:\Program\UE4\UE_4.19\Engine\Plugins\Runtime\ExampleDeviceProfileSelector\Binaries\Win64
[2018.04.01-02.25.41:976][  0]LogWindows:   Looked in: E:\Program\UE4\UE_4.19\Engine\Plugins\Runtime\GoogleCloudMessaging\Binaries\Win64
[2018.04.01-02.25.41:976][  0]LogWindows:   Looked in: E:\Program\UE4\UE_4.19\Engine\Plugins\Runtime\ImmediatePhysics\Binaries\Win64
[2018.04.01-02.25.41:976][  0]LogWindows:   Looked in: E:\Program\UE4\UE_4.19\Engine\Plugins\Runtime\IOSDeviceProfileSelector\Binaries\Win64
[2018.04.01-02.25.41:976][  0]LogWindows:   Looked in: E:\Program\UE4\UE_4.19\Engine\Plugins\Runtime\LinuxDeviceProfileSelector\Binaries\Win64
[2018.04.01-02.25.41:976][  0]LogWindows:   Looked in: E:\Program\UE4\UE_4.19\Engine\Plugins\Runtime\LocationServicesBPLibrary\Binaries\Win64
[2018.04.01-02.25.41:976][  0]LogWindows:   Looked in: E:\Program\UE4\UE_4.19\Engine\Plugins\Runtime\MobilePatchingUtils\Binaries\Win64
[2018.04.01-02.25.41:976][  0]LogWindows:   Looked in: E:\Program\UE4\UE_4.19\Engine\Plugins\Runtime\Oculus\OculusVR\Binaries\Win64
[2018.04.01-02.25.41:976][  0]LogWindows:   Looked in: E:\Program\UE4\UE_4.19\Engine\Plugins\Runtime\PhysXVehicles\Binaries\Win64
[2018.04.01-02.25.41:976][  0]LogWindows:   Looked in: E:\Program\UE4\UE_4.19\Engine\Plugins\Runtime\RuntimePhysXCooking\Binaries\Win64
[2018.04.01-02.25.41:976][  0]LogWindows:   Looked in: E:\Program\UE4\UE_4.19\Engine\Plugins\Runtime\Steam\SteamVR\Binaries\Win64
[2018.04.01-02.25.41:976][  0]LogWindows:   Looked in: E:\Program\UE4\UE_4.19\Engine\Plugins\Runtime\WindowsMoviePlayer\Binaries\Win64
[2018.04.01-02.25.41:976][  0]LogModuleManager: Warning: ModuleManager: Unable to load module 'E:/Program/UE4/UE_4.19/Engine/Binaries/Win64/UE4Editor-XAudio2.dll' because the file couldn't be loaded by the OS.
[2018.04.01-02.25.42:055][  0]LogDerivedDataCache: Saved boot cache 0.08s 75MB C:/Users/Duappe/AppData/Local/UnrealEngine/4.19/DerivedDataCache/Boot.ddc.
[2018.04.01-02.25.42:067][  0]LogInit: Texture streaming: Enabled
[2018.04.01-02.25.42:203][  0]LogEngineSessionManager: EngineSessionManager initialized
[2018.04.01-02.25.42:429][  0]LogInit: Transaction tracking system initialized
[2018.04.01-02.25.42:733][  0]BlueprintLog: New page: Editor Load
[2018.04.01-02.25.43:919][  0]LocalizationService: Localization service is disabled
[2018.04.01-02.25.44:900][  0]LogConsoleResponse: Display: 
[2018.04.01-02.25.49:623][  0]LogFileCache: Scanning file cache for directory 'E:/Projekt/Birchvale/ProjectBirchvaleFP/Birchvale/Content/' took 0.01s
[2018.04.01-02.25.49:623][  0]LogCook: Display: Max memory allowance for cook 16384mb min free memory 0mb
[2018.04.01-02.25.49:623][  0]LogCook: Display: Mobile HDR setting 1
[2018.04.01-02.25.49:623][  0]LogGameplayTags: Display: UGameplayTagsManager::DoneAddingNativeTags. DelegateIsBound: 0
[2018.04.01-02.25.49:623][  0]LogStats: UGameplayTagsManager::ConstructGameplayTagTree: Construct from data asset -  0.000 s
[2018.04.01-02.25.49:623][  0]LogStats: UGameplayTagsManager::ConstructGameplayTagTree: GameplayTagTreeChangedEvent.Broadcast -  0.000 s
[2018.04.01-02.25.51:626][  0]SourceControl: Source control is disabled
[2018.04.01-02.25.51:653][  0]Cmd: MAP LOAD FILE="../../../../../../Projekt/Birchvale/ProjectBirchvaleFP/Birchvale/Content/Scenes/TheScene.umap" TEMPLATE=0 SHOWPROGRESS=1 FEATURELEVEL=3
[2018.04.01-02.25.51:665][  0]LightingResults: New page: Lighting Build
[2018.04.01-02.25.51:815][  0]MapCheck: New page: Map Check
[2018.04.01-02.25.51:815][  0]LightingResults: New page: Lighting Build
[2018.04.01-02.25.53:527][  0]LogAIModule: Creating AISystem for world TheScene
[2018.04.01-02.25.54:012][  0]LogEditorServer: Finished looking for orphan Actors (0.000 secs)
[2018.04.01-02.25.54:111][  0]Cmd: MAP CHECKDEP NOCLEARLOG
[2018.04.01-02.25.54:175][  0]MapCheck: Map check complete: 0 Error(s), 0 Warning(s), took 63,605ms to complete.
[2018.04.01-02.25.54:175][  0]LogFileHelpers: Loading map 'TheScene' took 2.548
[2018.04.01-02.25.54:633][  0]LogMeshUtilities: Finished distance field build in 1.1s - 57x40x16 distance field, 1442 triangles, Range [-0.1, 1.0], OverWorldv3
[2018.04.01-02.25.55:400][  0]LogCollectionManager: Loaded 0 collections in 0.001792 seconds
[2018.04.01-02.25.55:476][  0]LogFileCache: Scanning file cache for directory 'E:/Projekt/Birchvale/ProjectBirchvaleFP/Birchvale/Saved/Collections/' took 0.01s
[2018.04.01-02.25.55:476][  0]LogFileCache: Scanning file cache for directory 'E:/Projekt/Birchvale/ProjectBirchvaleFP/Birchvale/Content/Developers/Duappe/Collections/' took 0.01s
[2018.04.01-02.25.55:476][  0]LogFileCache: Scanning file cache for directory 'E:/Projekt/Birchvale/ProjectBirchvaleFP/Birchvale/Content/Collections/' took 0.01s
[2018.04.01-02.25.55:476][  0]LogCollectionManager: Rebuilt the GUID cache for 0 collections in 0.000001 seconds
[2018.04.01-02.25.55:485][  0]LogContentBrowser: Native class hierarchy populated in 0.0088 seconds. Added 2466 classes and 564 folders.
[2018.04.01-02.25.55:571][  0]LogContentBrowser: Native class hierarchy updated for 'WidgetCarousel' in 0.0002 seconds. Added 0 classes and 0 folders.
[2018.04.01-02.25.56:081][  0]LogContentBrowser: Native class hierarchy updated for 'AddContentDialog' in 0.0002 seconds. Added 0 classes and 0 folders.
[2018.04.01-02.25.56:145][  0]LogContentBrowser: Native class hierarchy updated for 'SceneOutliner' in 0.0003 seconds. Added 1 classes and 2 folders.
[2018.04.01-02.25.56:828][  0]LogSlate: Took 0.028884 seconds to synchronously load lazily loaded font '../../../Engine/Content/Slate/Fonts/Roboto-Regular.ttf' (155K)
[2018.04.01-02.25.56:903][  0]LogSlate: Took 0.055043 seconds to synchronously load lazily loaded font '../../../Engine/Content/Slate/Fonts/Roboto-Bold.ttf' (160K)
[2018.04.01-02.25.56:979][  0]LogSlate: Took 0.024052 seconds to synchronously load lazily loaded font '../../../Engine/Content/Editor/Slate/Fonts/FontAwesome.ttf' (139K)
[2018.04.01-02.25.57:420][  0]LogRenderer: Reallocating scene render targets to support 1176x572 Format 10 NumSamples 1 (Frame:1).
[2018.04.01-02.25.57:505][  0]LogStaticMesh: Allocated 351x64x64 distance field atlas = 2.7Mb, with 39 objects containing 1.9Mb backing data
[2018.04.01-02.25.57:893][  0]LogContentBrowser: Native class hierarchy updated for 'HierarchicalLODOutliner' in 0.0003 seconds. Added 0 classes and 0 folders.
[2018.04.01-02.25.57:893][  0]LogLoad: (Engine Initialization) Total time: 59.07 seconds
[2018.04.01-02.25.57:893][  0]LogLoad: (Engine Initialization) Total Blueprint compile time: 0.00 seconds
[2018.04.01-02.25.58:129][  0]LogContentStreaming: Texture pool size now 1000 MB
[2018.04.01-02.25.58:277][  0]LogSlate: Took 0.037151 seconds to synchronously load lazily loaded font '../../../Engine/Content/Slate/Fonts/Roboto-Light.ttf' (167K)
[2018.04.01-02.25.58:343][  1]LogSubstanceLiveLink: Warning: Unable to send data along socket, closing connection
[2018.04.01-02.25.58:409][  1]LogAssetRegistry: Asset discovery search completed in 39.1428 seconds
[2018.04.01-02.25.58:411][  1]LogCollectionManager: Rebuilt the object cache for 0 collections in 0.000001 seconds (found 0 objects)
[2018.04.01-02.25.58:411][  1]LogCollectionManager: Fixed up redirectors for 0 collections in 0.000047 seconds (updated 0 objects)
[2018.04.01-02.25.58:567][  2]LogStaticMesh: Allocated 380x64x64 distance field atlas = 3.0Mb, with 40 objects containing 2.0Mb backing data
[2018.04.01-02.26.07:358][992]LogSlate: FSceneViewport::OnFocusLost() reason 0
[2018.04.01-02.26.07:457][  2]LogTemp: Repeating last play command: Selected Viewport
[2018.04.01-02.26.07:473][  2]LogBlueprintUserMessages: Early PlayInEditor Detection: Level '/Game/Scenes/TheScene.TheScene:PersistentLevel' has LevelScriptBlueprint '/Game/Scenes/TheScene.TheScene:PersistentLevel.TheScene' with GeneratedClass '/Game/Scenes/TheScene.TheScene_C' with ClassGeneratedBy '/Game/Scenes/TheScene.TheScene:PersistentLevel.TheScene'
[2018.04.01-02.26.07:525][  2]LogPlayLevel: PlayLevel: No blueprints needed recompiling
[2018.04.01-02.26.07:678][  2]PIE: New page: PIE session: TheScene (1 apr 2018 06:26:07)
[2018.04.01-02.26.07:678][  2]LogPlayLevel: Creating play world package: /Game/Scenes/UEDPIE_0_TheScene
[2018.04.01-02.26.07:727][  2]LogPlayLevel: PIE: StaticDuplicateObject took: (0.049137s)
[2018.04.01-02.26.07:728][  2]LogAIModule: Creating AISystem for world TheScene
[2018.04.01-02.26.07:729][  2]LogPlayLevel: PIE: World Init took: (0.001202s)
[2018.04.01-02.26.07:729][  2]LogPlayLevel: PIE: Created PIE world by copying editor world from /Game/Scenes/TheScene.TheScene to /Game/Scenes/UEDPIE_0_TheScene.TheScene (0.050567s)
[2018.04.01-02.26.07:796][  2]LogLoad: Game class is 'FirstPersonGameMode_C'
[2018.04.01-02.26.07:857][  2]LogWorld: Bringing World /Game/Scenes/UEDPIE_0_TheScene.TheScene up for play (max tick rate 0) at 2018.04.01-04.26.07
[2018.04.01-02.26.07:877][  2]LogWorld: Bringing up level for play took: 0.023545
[2018.04.01-02.26.08:018][  2]LogContentBrowser: Native class hierarchy updated for 'MovieSceneCapture' in 0.0003 seconds. Added 11 classes and 0 folders.
[2018.04.01-02.26.08:020][  2]PIE: Play in editor start time for /Game/Scenes/UEDPIE_0_TheScene 0,801
[2018.04.01-02.26.08:020][  2]LogBlueprintUserMessages: Late PlayInEditor Detection: Level '/Game/Scenes/TheScene.TheScene:PersistentLevel' has LevelScriptBlueprint '/Game/Scenes/TheScene.TheScene:PersistentLevel.TheScene' with GeneratedClass '/Game/Scenes/TheScene.TheScene_C' with ClassGeneratedBy '/Game/Scenes/TheScene.TheScene:PersistentLevel.TheScene'
[2018.04.01-02.27.24:544][140]LogBlueprintUserMessages: Early EndPlayMap Detection: Level '/Game/Scenes/TheScene.TheScene:PersistentLevel' has LevelScriptBlueprint '/Game/Scenes/TheScene.TheScene:PersistentLevel.TheScene' with GeneratedClass '/Game/Scenes/TheScene.TheScene_C' with ClassGeneratedBy '/Game/Scenes/TheScene.TheScene:PersistentLevel.TheScene'
[2018.04.01-02.27.24:761][140]LogBlueprintUserMessages: Late EndPlayMap Detection: Level '/Game/Scenes/TheScene.TheScene:PersistentLevel' has LevelScriptBlueprint '/Game/Scenes/TheScene.TheScene:PersistentLevel.TheScene' with GeneratedClass '/Game/Scenes/TheScene.TheScene_C' with ClassGeneratedBy '/Game/Scenes/TheScene.TheScene:PersistentLevel.TheScene'
[2018.04.01-02.27.27:077][397]LogSlate: FSceneViewport::OnFocusLost() reason 0
[2018.04.01-02.27.28:673][572]LogSlate: Window 'Birchvale - Unreal Editor' being destroyed
[2018.04.01-02.27.28:673][572]LogWindowsTextInputMethodSystem: Display: IME system now deactivated.
[2018.04.01-02.27.28:675][572]LogWindowsTextInputMethodSystem: Display: IME system now deactivated.
[2018.04.01-02.27.28:879][573]Cmd: QUIT_EDITOR
[2018.04.01-02.27.29:390][573]LogSlate: Slate User Destroyed.  User Index 0, Is Virtual User: 0
[2018.04.01-02.27.29:390][573]LogExit: Preparing to exit.
[2018.04.01-02.27.29:787][573]LogDirectoryWatcher: A directory notification for 'E:/Projekt/Birchvale/ProjectBirchvaleFP/Birchvale/Content/' was aborted.
[2018.04.01-02.27.29:846][573]LogExit: Editor shut down
[2018.04.01-02.27.29:848][573]LogExit: Transaction tracking system shut down
[2018.04.01-02.27.29:947][573]LogDirectoryWatcher: A directory notification for '../../../Engine/Content/' was aborted.
[2018.04.01-02.27.29:947][573]LogDirectoryWatcher: A directory notification for '../../../../../../Projekt/Birchvale/ProjectBirchvaleFP/Birchvale/Content/' was aborted.
[2018.04.01-02.27.29:947][573]LogDirectoryWatcher: A directory notification for '../../Plugins/2D/Paper2D/Content/' was aborted.
[2018.04.01-02.27.29:948][573]LogDirectoryWatcher: A directory notification for '../../Plugins/Enterprise/DatasmithContent/Content/' was aborted.
[2018.04.01-02.27.29:948][573]LogDirectoryWatcher: A directory notification for '../../Plugins/Media/MediaCompositing/Content/' was aborted.
[2018.04.01-02.27.29:948][573]LogDirectoryWatcher: A directory notification for '../../Plugins/Runtime/AppleARKit/Content/' was aborted.
[2018.04.01-02.27.29:948][573]LogDirectoryWatcher: A directory notification for '../../Plugins/Runtime/Oculus/OculusVR/Content/' was aborted.
[2018.04.01-02.27.29:948][573]LogDirectoryWatcher: A directory notification for '../../Plugins/Runtime/Steam/SteamVR/Content/' was aborted.
[2018.04.01-02.27.30:239][573]LogExit: Object subsystem successfully closed.
[2018.04.01-02.27.30:251][573]LogShaderCompilers: Display: Shaders left to compile 0
[2018.04.01-02.27.30:262][573]LogD3D11RHI: Shutdown
[2018.04.01-02.27.30:262][573]LogD3D11RHI: CleanupD3DDevice
[2018.04.01-02.27.30:263][573]LogD3D11RHI: ~FD3D11DynamicRHI
[2018.04.01-02.27.30:529][573]LogModuleManager: Shutting down and abandoning module MovieSceneCapture (583)
[2018.04.01-02.27.30:529][573]LogModuleManager: Shutting down and abandoning module HierarchicalLODOutliner (581)
[2018.04.01-02.27.30:529][573]LogModuleManager: Shutting down and abandoning module SceneOutliner (579)
[2018.04.01-02.27.30:542][573]LogModuleManager: Shutting down and abandoning module AddContentDialog (577)
[2018.04.01-02.27.30:560][573]LogDirectoryWatcher: A directory notification for 'E:/Program/UE4/UE_4.19/FeaturePacks/' was aborted.
[2018.04.01-02.27.30:560][573]LogModuleManager: Shutting down and abandoning module WidgetCarousel (576)
[2018.04.01-02.27.30:560][573]LogModuleManager: Shutting down and abandoning module EditorWidgets (573)
[2018.04.01-02.27.30:560][573]LogModuleManager: Shutting down and abandoning module CollectionManager (571)
[2018.04.01-02.27.30:561][573]LogDirectoryWatcher: A directory notification for 'E:/Projekt/Birchvale/ProjectBirchvaleFP/Birchvale/Content/Collections/' was aborted.
[2018.04.01-02.27.30:561][573]LogDirectoryWatcher: A directory notification for 'E:/Projekt/Birchvale/ProjectBirchvaleFP/Birchvale/Content/Developers/Duappe/Collections/' was aborted.
[2018.04.01-02.27.30:561][573]LogDirectoryWatcher: A directory notification for 'E:/Projekt/Birchvale/ProjectBirchvaleFP/Birchvale/Saved/Collections/' was aborted.
[2018.04.01-02.27.30:561][573]LogModuleManager: Shutting down and abandoning module StatsViewer (569)
[2018.04.01-02.27.30:561][573]LogModuleManager: Shutting down and abandoning module FoliageEdit (567)
[2018.04.01-02.27.30:561][573]LogModuleManager: Shutting down and abandoning module LandscapeEditor (565)
[2018.04.01-02.27.30:561][573]LogModuleManager: Shutting down and abandoning module MeshPaintMode (563)
[2018.04.01-02.27.30:562][573]LogModuleManager: Shutting down and abandoning module SceneDepthPickerMode (561)
[2018.04.01-02.27.30:562][573]LogModuleManager: Shutting down and abandoning module ActorPickerMode (559)
[2018.04.01-02.27.30:562][573]LogModuleManager: Shutting down and abandoning module GeometryMode (557)
[2018.04.01-02.27.30:581][573]LogModuleManager: Shutting down and abandoning module TextureAlignMode (555)
[2018.04.01-02.27.30:581][573]LogModuleManager: Shutting down and abandoning module BspMode (553)
[2018.04.01-02.27.30:581][573]LogModuleManager: Shutting down and abandoning module PIEPreviewDeviceProfileSelector (551)
[2018.04.01-02.27.30:581][573]LogModuleManager: Shutting down and abandoning module HardwareSurvey (549)
[2018.04.01-02.27.30:581][573]LogModuleManager: Shutting down and abandoning module SequenceRecorderSections (547)
[2018.04.01-02.27.30:595][573]LogModuleManager: Shutting down and abandoning module AutomationWorker (545)
[2018.04.01-02.27.30:595][573]LogModuleManager: Shutting down and abandoning module AudioCaptureEditor (543)
[2018.04.01-02.27.30:595][573]LogModuleManager: Shutting down and abandoning module SequenceRecorder (542)
[2018.04.01-02.27.30:595][573]LogModuleManager: Shutting down and abandoning module MatineeToLevelSequence (539)
[2018.04.01-02.27.30:610][573]LogModuleManager: Shutting down and abandoning module LevelSequenceEditor (537)
[2018.04.01-02.27.30:640][573]LogModuleManager: Shutting down and abandoning module PlacementMode (536)
[2018.04.01-02.27.30:640][573]LogModuleManager: Shutting down and abandoning module MaterialEditor (535)
[2018.04.01-02.27.30:640][573]LogModuleManager: Shutting down and abandoning module WmfMediaFactory (531)
[2018.04.01-02.27.30:640][573]LogModuleManager: Shutting down and abandoning module WmfMediaEditor (529)
[2018.04.01-02.27.30:640][573]LogModuleManager: Shutting down and abandoning module MediaPlayerEditor (527)
[2018.04.01-02.27.30:652][573]LogModuleManager: Shutting down and abandoning module OpenExrWrapper (525)
[2018.04.01-02.27.30:652][573]LogModuleManager: Shutting down and abandoning module ImgMediaFactory (523)
[2018.04.01-02.27.30:652][573]LogModuleManager: Shutting down and abandoning module ImgMediaEditor (521)
[2018.04.01-02.27.30:652][573]LogModuleManager: Shutting down and abandoning module AvfMediaFactory (519)
[2018.04.01-02.27.30:652][573]LogModuleManager: Shutting down and abandoning module AvfMediaEditor (517)
[2018.04.01-02.27.30:652][573]LogModuleManager: Shutting down and abandoning module AndroidMediaFactory (515)
[2018.04.01-02.27.30:652][573]LogModuleManager: Shutting down and abandoning module AndroidMediaEditor (513)
[2018.04.01-02.27.30:652][573]LogModuleManager: Shutting down and abandoning module CharacterAI (511)
[2018.04.01-02.27.30:652][573]LogModuleManager: Shutting down and abandoning module SmartSnapping (509)
[2018.04.01-02.27.30:652][573]LogModuleManager: Shutting down and abandoning module SessionServices (507)
[2018.04.01-02.27.30:652][573]LogModuleManager: Shutting down and abandoning module ViewportSnapping (505)
[2018.04.01-02.27.30:652][573]LogModuleManager: Shutting down and abandoning module ViewportInteraction (503)
[2018.04.01-02.27.30:652][573]LogModuleManager: Shutting down and abandoning module ClothPainter (501)
[2018.04.01-02.27.30:652][573]LogModuleManager: Shutting down and abandoning module SkeletalMeshEditor (500)
[2018.04.01-02.27.30:689][573]LogModuleManager: Shutting down and abandoning module LogVisualizer (497)
[2018.04.01-02.27.30:705][573]LogModuleManager: Shutting down and abandoning module IntroTutorials (495)
[2018.04.01-02.27.30:717][573]LogModuleManager: Shutting down and abandoning module GameProjectGeneration (494)
[2018.04.01-02.27.30:717][573]LogModuleManager: Shutting down and abandoning module IOSPlatformEditor (491)
[2018.04.01-02.27.30:717][573]LogModuleManager: Shutting down and abandoning module HTML5PlatformEditor (489)
[2018.04.01-02.27.30:717][573]LogModuleManager: Shutting down and abandoning module AndroidPlatformEditor (487)
[2018.04.01-02.27.30:717][573]LogModuleManager: Shutting down and abandoning module AndroidDeviceDetection (486)
[2018.04.01-02.27.31:289][573]LogModuleManager: Shutting down and abandoning module WindowsPlatformEditor (483)
[2018.04.01-02.27.31:289][573]LogModuleManager: Shutting down and abandoning module IOSRuntimeSettings (481)
[2018.04.01-02.27.31:289][573]LogModuleManager: Shutting down and abandoning module AndroidRuntimeSettings (479)
[2018.04.01-02.27.31:289][573]LogModuleManager: Shutting down and abandoning module InputBindingEditor (477)
[2018.04.01-02.27.31:300][573]LogModuleManager: Shutting down and abandoning module MergeActors (475)
[2018.04.01-02.27.31:319][573]LogModuleManager: Shutting down and abandoning module LocalizationDashboard (473)
[2018.04.01-02.27.31:337][573]LogModuleManager: Shutting down and abandoning module LocalizationService (472)
[2018.04.01-02.27.31:346][573]LogModuleManager: Shutting down and abandoning module HardwareTargeting (469)
[2018.04.01-02.27.31:346][573]LogModuleManager: Shutting down and abandoning module DeviceProfileEditor (467)
[2018.04.01-02.27.31:346][573]LogModuleManager: Shutting down and abandoning module UndoHistory (465)
[2018.04.01-02.27.31:346][573]LogModuleManager: Shutting down and abandoning module XmlParser (463)
[2018.04.01-02.27.31:346][573]LogModuleManager: Shutting down and abandoning module Blutility (461)
[2018.04.01-02.27.31:358][573]LogModuleManager: Shutting down and abandoning module ProjectSettingsViewer (459)
[2018.04.01-02.27.31:358][573]LogModuleManager: Shutting down and abandoning module ProjectTargetPlatformEditor (458)
[2018.04.01-02.27.31:358][573]LogModuleManager: Shutting down and abandoning module EditorSettingsViewer (455)
[2018.04.01-02.27.31:358][573]LogModuleManager: Shutting down and abandoning module SettingsEditor (453)
[2018.04.01-02.27.31:381][573]LogModuleManager: Shutting down and abandoning module ProjectLauncher (451)
[2018.04.01-02.27.31:396][573]LogModuleManager: Shutting down and abandoning module SessionFrontend (449)
[2018.04.01-02.27.31:401][573]LogModuleManager: Shutting down and abandoning module ProfilerClient (447)
[2018.04.01-02.27.31:408][573]LogModuleManager: Shutting down and abandoning module DeviceManager (445)
[2018.04.01-02.27.31:417][573]LogModuleManager: Shutting down and abandoning module TargetDeviceServices (444)
[2018.04.01-02.27.31:484][573]LogModuleManager: Shutting down and abandoning module AutomationController (441)
[2018.04.01-02.27.31:495][573]LogModuleManager: Shutting down and abandoning module AutomationWindow (439)
[2018.04.01-02.27.31:516][573]LogModuleManager: Shutting down and abandoning module Layers (437)
[2018.04.01-02.27.31:541][573]LogModuleManager: Shutting down and abandoning module ComponentVisualizers (435)
[2018.04.01-02.27.31:541][573]LogModuleManager: Shutting down and abandoning module DetailCustomizations (433)
[2018.04.01-02.27.31:541][573]LogModuleManager: Shutting down and abandoning module PackagesDialog (431)
[2018.04.01-02.27.31:580][573]LogModuleManager: Shutting down and abandoning module Persona (429)
[2018.04.01-02.27.31:595][573]LogModuleManager: Shutting down and abandoning module AdvancedPreviewScene (428)
[2018.04.01-02.27.31:595][573]LogModuleManager: Shutting down and abandoning module AnimGraph (426)
[2018.04.01-02.27.31:595][573]LogModuleManager: Shutting down and abandoning module Kismet (423)
[2018.04.01-02.27.31:596][573]LogModuleManager: Shutting down and abandoning module GraphEditor (421)
[2018.04.01-02.27.31:596][573]LogModuleManager: Shutting down and abandoning module ClassViewer (419)
[2018.04.01-02.27.31:596][573]LogModuleManager: Shutting down and abandoning module Toolbox (417)
[2018.04.01-02.27.31:596][573]LogModuleManager: Shutting down and abandoning module ModuleUI (415)
[2018.04.01-02.27.31:596][573]LogModuleManager: Shutting down and abandoning module MovieSceneTools (413)
[2018.04.01-02.27.31:596][573]LogModuleManager: Shutting down and abandoning module OutputLog (411)
[2018.04.01-02.27.31:608][573]LogModuleManager: Shutting down and abandoning module GammaUI (409)
[2018.04.01-02.27.31:624][573]LogModuleManager: Shutting down and abandoning module Documentation (407)
[2018.04.01-02.27.31:624][573]LogModuleManager: Shutting down and abandoning module MovieSceneTracks (405)
[2018.04.01-02.27.31:624][573]LogModuleManager: Shutting down and abandoning module MovieScene (403)
[2018.04.01-02.27.31:624][573]LogModuleManager: Shutting down and abandoning module StreamingPauseRendering (401)
[2018.04.01-02.27.31:624][573]LogModuleManager: Shutting down and abandoning module LauncherPlatform (399)
[2018.04.01-02.27.31:624][573]LogModuleManager: Shutting down and abandoning module AnalyticsET (397)
[2018.04.01-02.27.31:624][573]LogModuleManager: Shutting down and abandoning module PortalServices (395)
[2018.04.01-02.27.31:624][573]LogModuleManager: Shutting down and abandoning module PortalRpc (393)
[2018.04.01-02.27.31:624][573]LogModuleManager: Shutting down and abandoning module MessagingRpc (391)
[2018.04.01-02.27.31:624][573]LogModuleManager: Shutting down and abandoning module AIModule (389)
[2018.04.01-02.27.31:624][573]LogModuleManager: Shutting down and abandoning module GameplayDebugger (388)
[2018.04.01-02.27.31:624][573]LogModuleManager: Shutting down and abandoning module AITestSuite (386)
[2018.04.01-02.27.31:633][573]LogModuleManager: Shutting down and abandoning module DesktopPlatform (383)
[2018.04.01-02.27.31:633][573]LogModuleManager: Shutting down and abandoning module ProfilerService (381)
[2018.04.01-02.27.31:777][573]LogModuleManager: Shutting down and abandoning module TaskGraph (379)
[2018.04.01-02.27.31:777][573]LogModuleManager: Shutting down and abandoning module SubstanceLiveLink (377)
[2018.04.01-02.27.31:777][573]LogModuleManager: Shutting down and abandoning module SubstanceSource (375)
[2018.04.01-02.27.31:777][573]LogModuleManager: Shutting down and abandoning module SubstanceEditor (373)
[2018.04.01-02.27.31:777][573]LogModuleManager: Shutting down and abandoning module SteamVRController (371)
[2018.04.01-02.27.31:777][573]LogModuleManager: Shutting down and abandoning module ProceduralMeshComponentEditor (369)
[2018.04.01-02.27.31:777][573]LogModuleManager: Shutting down and abandoning module ProceduralMeshComponent (367)
[2018.04.01-02.27.31:777][573]LogModuleManager: Shutting down and abandoning module OculusInput (365)
[2018.04.01-02.27.31:777][573]LogModuleManager: Shutting down and abandoning module MobilePatchingUtils (363)
[2018.04.01-02.27.31:777][573]LogModuleManager: Shutting down and abandoning module CustomMeshComponent (361)
[2018.04.01-02.27.31:777][573]LogModuleManager: Shutting down and abandoning module CableComponent (359)
[2018.04.01-02.27.31:777][573]LogModuleManager: Shutting down and abandoning module AudioCapture (357)
[2018.04.01-02.27.31:777][573]LogModuleManager: Shutting down and abandoning module ArchVisCharacter (355)
[2018.04.01-02.27.31:777][573]LogModuleManager: Shutting down and abandoning module AndroidPermission (353)
[2018.04.01-02.27.31:777][573]LogModuleManager: Shutting down and abandoning module NUTUnrealEngine4 (349)
[2018.04.01-02.27.31:777][573]LogModuleManager: Shutting down and abandoning module NetcodeUnitTest (347)
[2018.04.01-02.27.31:777][573]LogModuleManager: Shutting down and abandoning module MediaCompositingEditor (345)
[2018.04.01-02.27.31:777][573]LogModuleManager: Shutting down and abandoning module MediaCompositing (343)
[2018.04.01-02.27.31:777][573]LogModuleManager: Shutting down and abandoning module LinearTimecode (341)
[2018.04.01-02.27.31:777][573]LogModuleManager: Shutting down and abandoning module ImgMedia (339)
[2018.04.01-02.27.31:779][573]LogModuleManager: Shutting down and abandoning module HTML5Networking (337)
[2018.04.01-02.27.31:780][573]LogModuleManager: Shutting down and abandoning module AlembicImporter (335)
[2018.04.01-02.27.31:780][573]LogModuleManager: Shutting down and abandoning module AlembicLibrary (334)
[2018.04.01-02.27.31:780][573]LogModuleManager: Shutting down and abandoning module GeometryCache (333)
[2018.04.01-02.27.31:780][573]LogModuleManager: Shutting down and abandoning module GeometryCacheEd (332)
[2018.04.01-02.27.31:780][573]LogModuleManager: Shutting down and abandoning module DatasmithContent (327)
[2018.04.01-02.27.31:780][573]LogModuleManager: Shutting down and abandoning module SpeedTreeImporter (325)
[2018.04.01-02.27.31:780][573]LogModuleManager: Shutting down and abandoning module PluginBrowser (323)
[2018.04.01-02.27.31:780][573]LogModuleManager: Shutting down and abandoning module MobileLauncherProfileWizard (321)
[2018.04.01-02.27.31:780][573]LogModuleManager: Shutting down and abandoning module CryptoKeysOpenSSL (319)
[2018.04.01-02.27.31:780][573]LogModuleManager: Shutting down and abandoning module CryptoKeys (317)
[2018.04.01-02.27.31:780][573]LogModuleManager: Shutting down and abandoning module VisualStudioSourceCodeAccess (315)
[2018.04.01-02.27.31:780][573]LogModuleManager: Shutting down and abandoning module VisualStudioCodeSourceCodeAccess (313)
[2018.04.01-02.27.31:780][573]LogModuleManager: Shutting down and abandoning module UObjectPlugin (311)
[2018.04.01-02.27.31:780][573]LogModuleManager: Shutting down and abandoning module SubversionSourceControl (309)
[2018.04.01-02.27.31:780][573]LogModuleManager: Shutting down and abandoning module PerforceSourceControl (307)
[2018.04.01-02.27.31:780][573]LogModuleManager: Shutting down and abandoning module GitSourceControl (305)
[2018.04.01-02.27.31:780][573]LogModuleManager: Shutting down and abandoning module SourceControl (304)
[2018.04.01-02.27.31:780][573]LogModuleManager: Shutting down and abandoning module CLionSourceCodeAccess (301)
[2018.04.01-02.27.31:780][573]LogModuleManager: Shutting down and abandoning module LightPropagationVolumeEditor (299)
[2018.04.01-02.27.31:780][573]LogModuleManager: Shutting down and abandoning module PaperTiledImporter (297)
[2018.04.01-02.27.31:780][573]LogModuleManager: Shutting down and abandoning module PaperSpriteSheetImporter (295)
[2018.04.01-02.27.31:780][573]LogModuleManager: Shutting down and abandoning module Paper2DEditor (293)
[2018.04.01-02.27.31:780][573]LogModuleManager: Shutting down and abandoning module MeshPaint (292)
[2018.04.01-02.27.31:780][573]LogModuleManager: Shutting down and abandoning module RuntimePhysXCooking (289)
[2018.04.01-02.27.31:780][573]LogModuleManager: Shutting down and abandoning module PhysXVehiclesEditor (287)
[2018.04.01-02.27.31:780][573]LogModuleManager: Shutting down and abandoning module PhysXVehicles (285)
[2018.04.01-02.27.31:780][573]LogModuleManager: Shutting down and abandoning module OculusEditor (283)
[2018.04.01-02.27.31:780][573]LogModuleManager: Shutting down and abandoning module LocationServicesBPLibrary (281)
[2018.04.01-02.27.31:780][573]LogModuleManager: Shutting down and abandoning module ImmediatePhysicsEditor (279)
[2018.04.01-02.27.31:780][573]LogModuleManager: Shutting down and abandoning module ImmediatePhysics (277)
[2018.04.01-02.27.31:780][573]LogModuleManager: Shutting down and abandoning module ActorSequence (275)
[2018.04.01-02.27.31:780][573]LogModuleManager: Shutting down and abandoning module UdpMessaging (273)
[2018.04.01-02.27.31:881][573]LogModuleManager: Shutting down and abandoning module TcpMessaging (271)
[2018.04.01-02.27.31:981][573]LogModuleManager: Shutting down and abandoning module SubstanceCore (269)
[2018.04.01-02.27.31:981][573]LogModuleManager: Shutting down and abandoning module GameplayTagsEditor (267)
[2018.04.01-02.27.31:981][573]LogModuleManager: Shutting down and abandoning module FacialAnimationEditor (265)
[2018.04.01-02.27.31:981][573]LogModuleManager: Shutting down and abandoning module FacialAnimation (263)
[2018.04.01-02.27.31:981][573]LogModuleManager: Shutting down and abandoning module DataValidation (261)
[2018.04.01-02.27.31:981][573]LogModuleManager: Shutting down and abandoning module AssetManagerEditor (259)
[2018.04.01-02.27.31:981][573]LogModuleManager: Shutting down and abandoning module LevelEditor (258)
[2018.04.01-02.27.31:982][573]LogModuleManager: Shutting down and abandoning module PixelInspectorModule (257)
[2018.04.01-02.27.31:982][573]LogModuleManager: Shutting down and abandoning module CommonMenuExtensions (255)
[2018.04.01-02.27.31:982][573]LogModuleManager: Shutting down and abandoning module MainFrame (253)
[2018.04.01-02.27.31:982][573]LogModuleManager: Shutting down and abandoning module HotReload (252)
[2018.04.01-02.27.31:983][573]LogModuleManager: Shutting down and abandoning module ContentBrowser (248)
[2018.04.01-02.27.31:984][573]LogModuleManager: Shutting down and abandoning module TreeMap (246)
[2018.04.01-02.27.31:984][573]LogModuleManager: Shutting down and abandoning module LightPropagationVolumeRuntime (243)
[2018.04.01-02.27.31:984][573]LogModuleManager: Shutting down and abandoning module LiveLinkEditor (241)
[2018.04.01-02.27.31:984][573]LogModuleManager: Shutting down and abandoning module LiveLink (239)
[2018.04.01-02.27.32:723][573]LogModuleManager: Shutting down and abandoning module Paper2D (237)
[2018.04.01-02.27.32:723][573]LogModuleManager: Shutting down and abandoning module WindowsMoviePlayer (235)
[2018.04.01-02.27.32:723][573]LogModuleManager: Shutting down and abandoning module WmfMedia (233)
[2018.04.01-02.27.32:724][573]LogModuleManager: Shutting down and abandoning module PacketHandler (231)
[2018.04.01-02.27.32:724][573]LogModuleManager: Shutting down and abandoning module ClothingSystemEditor (229)
[2018.04.01-02.27.32:724][573]LogModuleManager: Shutting down and abandoning module ClothingSystemRuntime (227)
[2018.04.01-02.27.32:724][573]LogModuleManager: Shutting down and abandoning module MediaAssets (225)
[2018.04.01-02.27.32:724][573]LogModuleManager: Shutting down and abandoning module Media (224)
[2018.04.01-02.27.32:730][573]LogModuleManager: Shutting down and abandoning module Overlay (221)
[2018.04.01-02.27.32:730][573]LogModuleManager: Shutting down and abandoning module OverlayEditor (220)
[2018.04.01-02.27.32:730][573]LogModuleManager: Shutting down and abandoning module VREditor (217)
[2018.04.01-02.27.32:730][573]LogModuleManager: Shutting down and abandoning module StringTableEditor (215)
[2018.04.01-02.27.32:730][573]LogModuleManager: Shutting down and abandoning module GameplayTasksEditor (213)
[2018.04.01-02.27.32:730][573]LogModuleManager: Shutting down and abandoning module BehaviorTreeEditor (211)
[2018.04.01-02.27.32:730][573]LogModuleManager: Shutting down and abandoning module FunctionalTesting (209)
[2018.04.01-02.27.32:730][573]LogModuleManager: Shutting down and abandoning module CollisionAnalyzer (207)
[2018.04.01-02.27.32:730][573]LogModuleManager: Shutting down and abandoning module WorkspaceMenuStructure (206)
[2018.04.01-02.27.32:730][573]LogModuleManager: Shutting down and abandoning module UMG (203)
[2018.04.01-02.27.32:730][573]LogModuleManager: Shutting down and abandoning module UMGEditor (202)
[2018.04.01-02.27.32:730][573]LogModuleManager: Shutting down and abandoning module Sequencer (201)
[2018.04.01-02.27.32:731][573]LogModuleManager: Shutting down and abandoning module MessageLog (198)
[2018.04.01-02.27.32:731][573]LogModuleManager: Shutting down and abandoning module SlateReflector (193)
[2018.04.01-02.27.32:731][573]LogModuleManager: Shutting down and abandoning module Slate (191)
[2018.04.01-02.27.32:731][573]LogModuleManager: Shutting down and abandoning module EditorStyle (189)
[2018.04.01-02.27.32:732][573]LogModuleManager: Shutting down and abandoning module MRMesh (187)
[2018.04.01-02.27.32:732][573]LogModuleManager: Shutting down and abandoning module SourceCodeAccess (185)
[2018.04.01-02.27.32:732][573]LogModuleManager: Shutting down and abandoning module HeadMountedDisplay (183)
[2018.04.01-02.27.32:732][573]LogModuleManager: Shutting down and abandoning module Networking (180)
[2018.04.01-02.27.32:732][573]LogModuleManager: Shutting down and abandoning module Core (178)
[2018.04.01-02.27.32:732][573]LogModuleManager: Shutting down and abandoning module LevelSequence (176)
[2018.04.01-02.27.32:732][573]LogModuleManager: Shutting down and abandoning module KismetCompiler (174)
[2018.04.01-02.27.32:732][573]LogModuleManager: Shutting down and abandoning module MeshUtilities (172)
[2018.04.01-02.27.32:732][573]LogModuleManager: Shutting down and abandoning module MeshMergeUtilities (171)
[2018.04.01-02.27.32:732][573]LogModuleManager: Shutting down and abandoning module MeshReductionInterface (170)
[2018.04.01-02.27.32:732][573]LogModuleManager: Shutting down and abandoning module SimplygonSwarm (169)
[2018.04.01-02.27.32:732][573]LogModuleManager: Shutting down and abandoning module SimplygonMeshReduction (167)
[2018.04.01-02.27.32:732][573]LogModuleManager: Shutting down and abandoning module QuadricMeshReduction (165)
[2018.04.01-02.27.32:732][573]LogModuleManager: Shutting down and abandoning module MaterialBaking (161)
[2018.04.01-02.27.32:732][573]LogModuleManager: Shutting down and abandoning module DirectoryWatcher (157)
[2018.04.01-02.27.32:733][573]LogModuleManager: Shutting down and abandoning module DerivedDataCache (154)
[2018.04.01-02.27.32:792][573]LogDerivedDataCache: Shutdown
[2018.04.01-02.27.32:792][573]LogModuleManager: Shutting down and abandoning module XGEController (152)
[2018.04.01-02.27.32:792][573]LogXGEController: Cleaning working directory: C:/Users/Duappe/AppData/Local/Temp/UnrealXGEWorkingDir/
[2018.04.01-02.27.32:794][573]LogModuleManager: Shutting down and abandoning module TargetPlatform (150)
[2018.04.01-02.27.32:794][573]LogModuleManager: Shutting down and abandoning module VulkanShaderFormat (149)
[2018.04.01-02.27.32:794][573]LogModuleManager: Shutting down and abandoning module ShaderFormatVectorVM (147)
[2018.04.01-02.27.32:794][573]LogModuleManager: Shutting down and abandoning module ShaderFormatOpenGL (145)
[2018.04.01-02.27.32:794][573]LogModuleManager: Shutting down and abandoning module ShaderFormatD3D (143)
[2018.04.01-02.27.32:794][573]LogModuleManager: Shutting down and abandoning module MetalShaderFormat (141)
[2018.04.01-02.27.32:794][573]LogModuleManager: Shutting down and abandoning module TextureFormatUncompressed (139)
[2018.04.01-02.27.32:794][573]LogModuleManager: Shutting down and abandoning module TextureFormatPVR (137)
[2018.04.01-02.27.32:794][573]LogModuleManager: Shutting down and abandoning module TextureFormatDXT (135)
[2018.04.01-02.27.32:794][573]LogModuleManager: Shutting down and abandoning module TextureFormatIntelISPCTexComp (133)
[2018.04.01-02.27.32:795][573]LogModuleManager: Shutting down and abandoning module TextureFormatASTC (131)
[2018.04.01-02.27.32:795][573]LogModuleManager: Shutting down and abandoning module ImageWrapper (130)
[2018.04.01-02.27.32:795][573]LogModuleManager: Shutting down and abandoning module TextureFormatAndroid (127)
[2018.04.01-02.27.32:795][573]LogModuleManager: Shutting down and abandoning module AudioFormatOpus (125)
[2018.04.01-02.27.32:795][573]LogModuleManager: Shutting down and abandoning module AudioFormatOgg (123)
[2018.04.01-02.27.32:795][573]LogModuleManager: Shutting down and abandoning module AudioFormatADPCM (121)
[2018.04.01-02.27.32:795][573]LogModuleManager: Shutting down and abandoning module LinuxTargetPlatform (119)
[2018.04.01-02.27.32:795][573]LogModuleManager: Shutting down and abandoning module LinuxServerTargetPlatform (117)
[2018.04.01-02.27.32:795][573]LogModuleManager: Shutting down and abandoning module LinuxNoEditorTargetPlatform (115)
[2018.04.01-02.27.32:795][573]LogModuleManager: Shutting down and abandoning module LinuxClientTargetPlatform (113)
[2018.04.01-02.27.32:795][573]LogModuleManager: Shutting down and abandoning module TVOSTargetPlatform (111)
[2018.04.01-02.27.32:795][573]LogModuleManager: Shutting down and abandoning module Messaging (109)
[2018.04.01-02.27.32:795][573]LogModuleManager: Shutting down and abandoning module IOSTargetPlatform (107)
[2018.04.01-02.27.32:795][573]LogModuleManager: Shutting down and abandoning module HTML5TargetPlatform (105)
[2018.04.01-02.27.32:795][573]LogModuleManager: Shutting down and abandoning module AndroidTargetPlatform (103)
[2018.04.01-02.27.32:795][573]LogModuleManager: Shutting down and abandoning module Android_PVRTCTargetPlatform (101)
[2018.04.01-02.27.32:795][573]LogModuleManager: Shutting down and abandoning module Android_MultiTargetPlatform (99)
[2018.04.01-02.27.32:795][573]LogModuleManager: Shutting down and abandoning module Android_ETC2TargetPlatform (97)
[2018.04.01-02.27.32:795][573]LogModuleManager: Shutting down and abandoning module Android_ETC1TargetPlatform (95)
[2018.04.01-02.27.32:795][573]LogModuleManager: Shutting down and abandoning module Android_ETC1aTargetPlatform (93)
[2018.04.01-02.27.32:795][573]LogModuleManager: Shutting down and abandoning module Android_DXTTargetPlatform (91)
[2018.04.01-02.27.32:795][573]LogModuleManager: Shutting down and abandoning module Android_ATCTargetPlatform (89)
[2018.04.01-02.27.32:795][573]LogModuleManager: Shutting down and abandoning module Android_ASTCTargetPlatform (87)
[2018.04.01-02.27.32:795][573]LogModuleManager: Shutting down and abandoning module WindowsTargetPlatform (85)
[2018.04.01-02.27.32:795][573]LogModuleManager: Shutting down and abandoning module WindowsServerTargetPlatform (83)
[2018.04.01-02.27.32:795][573]LogModuleManager: Shutting down and abandoning module WindowsNoEditorTargetPlatform (81)
[2018.04.01-02.27.32:795][573]LogModuleManager: Shutting down and abandoning module WindowsClientTargetPlatform (79)
[2018.04.01-02.27.32:795][573]LogModuleManager: Shutting down and abandoning module MacTargetPlatform (77)
[2018.04.01-02.27.32:795][573]LogModuleManager: Shutting down and abandoning module MacServerTargetPlatform (75)
[2018.04.01-02.27.32:795][573]LogModuleManager: Shutting down and abandoning module MacNoEditorTargetPlatform (73)
[2018.04.01-02.27.32:795][573]LogModuleManager: Shutting down and abandoning module MacClientTargetPlatform (71)
[2018.04.01-02.27.32:795][573]LogModuleManager: Shutting down and abandoning module AllDesktopTargetPlatform (69)
[2018.04.01-02.27.32:795][573]LogModuleManager: Shutting down and abandoning module InputCore (66)
[2018.04.01-02.27.32:795][573]LogModuleManager: Shutting down and abandoning module Settings (64)
[2018.04.01-02.27.32:795][573]LogModuleManager: Shutting down and abandoning module PhysXCooking (62)
[2018.04.01-02.27.32:795][573]LogModuleManager: Shutting down and abandoning module SteamVR (60)
[2018.04.01-02.27.32:795][573]LogModuleManager: Shutting down and abandoning module OculusHMD (58)
[2018.04.01-02.27.32:795][573]LogModuleManager: Shutting down and abandoning module ExampleDeviceProfileSelector (56)
[2018.04.01-02.27.32:795][573]LogModuleManager: Shutting down and abandoning module AppleARKit (54)
[2018.04.01-02.27.32:795][573]LogModuleManager: Shutting down and abandoning module AugmentedReality (51)
[2018.04.01-02.27.32:795][573]LogModuleManager: Shutting down and abandoning module OnlineBlueprintSupport (48)
[2018.04.01-02.27.32:795][573]LogModuleManager: Shutting down and abandoning module OnlineSubsystem (44)
[2018.04.01-02.27.32:795][573]LogModuleManager: Shutting down and abandoning module XMPP (43)
[2018.04.01-02.27.32:795][573]LogModuleManager: Shutting down and abandoning module HTTP (41)
[2018.04.01-02.27.32:795][573]LogHttp: Display: Http module shutting down, but needs to wait on 1 outstanding Http requests:
[2018.04.01-02.27.32:795][573]LogHttp: Display: 	verb=[POST] url=[https://datarouter.ol.epicgames.com/datarouter/api/v1/public/data?SessionID=%7B0E5813A2-48B0-679F-8E39-988F19118A37%7D&AppID=UEEditor.Rocket.Release&AppVersion=4.19.0-3944462%2B%2B%2BUE4%2BRelease-4.19&UserID=967231b5402f44880a9aa294e8ed2a62%7C4c3ab9e381f54681981a6cdbd5c0531c%7Cf1c94208-4bae-4692-a06d-4aa46f3f9f32&AppEnvironment=datacollector-binary&UploadType=eteventstream] status=Processing
[2018.04.01-02.27.32:801][573]LogModuleManager: Shutting down and abandoning module SSL (40)
[2018.04.01-02.27.32:802][573]LogModuleManager: Shutting down and abandoning module AnimationModifiers (36)
[2018.04.01-02.27.32:802][573]LogModuleManager: Shutting down and abandoning module PropertyEditor (35)
[2018.04.01-02.27.32:802][573]LogModuleManager: Shutting down and abandoning module AudioEditor (32)
[2018.04.01-02.27.32:802][573]LogModuleManager: Shutting down and abandoning module TextureCompressor (30)
[2018.04.01-02.27.32:802][573]LogModuleManager: Shutting down and abandoning module ShaderCore (28)
[2018.04.01-02.27.32:802][573]LogModuleManager: Shutting down and abandoning module Landscape (26)
[2018.04.01-02.27.32:802][573]LogModuleManager: Shutting down and abandoning module SlateRHIRenderer (24)
[2018.04.01-02.27.32:820][573]LogModuleManager: Shutting down and abandoning module OpenGLDrv (22)
[2018.04.01-02.27.32:820][573]LogModuleManager: Shutting down and abandoning module D3D11RHI (20)
[2018.04.01-02.27.32:820][573]LogModuleManager: Shutting down and abandoning module AnimGraphRuntime (18)
[2018.04.01-02.27.32:820][573]LogModuleManager: Shutting down and abandoning module Renderer (16)
[2018.04.01-02.27.32:820][573]LogModuleManager: Shutting down and abandoning module Engine (14)
[2018.04.01-02.27.32:820][573]LogModuleManager: Shutting down and abandoning module CoreUObject (12)
[2018.04.01-02.27.32:820][573]LogModuleManager: Shutting down and abandoning module NetworkFile (10)
[2018.04.01-02.27.32:821][573]LogModuleManager: Shutting down and abandoning module CookedIterativeFile (8)
[2018.04.01-02.27.32:821][573]LogModuleManager: Shutting down and abandoning module StreamingFile (6)
[2018.04.01-02.27.32:821][573]LogModuleManager: Shutting down and abandoning module SandboxFile (4)
[2018.04.01-02.27.32:821][573]LogModuleManager: Shutting down and abandoning module PakFile (2)
[2018.04.01-02.27.32:830][573]LogExit: Exiting.
[2018.04.01-02.27.32:857][573]Log file closed, 04/01/18 04:27:32
